Using pre-set license
Built from '2020.3/staging' branch; Version is '2020.3.30f1 (1fb1bf06830e) revision 2077119'; Using compiler version '192528614'; Build Type 'Release'
OS: 'Windows 10  (10.0.19043) 64bit Core' Language: 'en' Physical Memory: 16222 MB
BatchMode: 1, IsHumanControllingUs: 0, StartBugReporterOnCrash: 0, Is64bit: 1, IsPro: 0

COMMAND LINE ARGUMENTS:
D:\Program Files (x86)\Unity\2020.3.30f1\Editor\Unity.exe
-adb2
-batchMode
-noUpm
-name
AssetImportWorker0
-projectPath
D:/WORKWORKWORK/GITHUBAMOS/sem2-AVI/Gmeneses_16_05
-logFile
Logs/AssetImportWorker0.log
-srvPort
57692
Successfully changed project path to: D:/WORKWORKWORK/GITHUBAMOS/sem2-AVI/Gmeneses_16_05
D:/WORKWORKWORK/GITHUBAMOS/sem2-AVI/Gmeneses_16_05
Using Asset Import Pipeline V2.
Refreshing native plugins compatible for Editor in 64.86 ms, found 2 plugins.
Preloading 0 native plugins for Editor in 0.00 ms.
Initialize engine version: 2020.3.30f1 (1fb1bf06830e)
[Subsystems] Discovering subsystems at path D:/Program Files (x86)/Unity/2020.3.30f1/Editor/Data/Resources/UnitySubsystems
[Subsystems] Discovering subsystems at path D:/WORKWORKWORK/GITHUBAMOS/sem2-AVI/Gmeneses_16_05/Assets
GfxDevice: creating device client; threaded=0
Direct3D:
    Version:  Direct3D 11.0 [level 11.0]
    Renderer: NVIDIA GeForce GTX 950M (ID=0x139a)
    Vendor:   
    VRAM:     4055 MB
    Driver:   30.0.15.1259
Initialize mono
Mono path[0] = 'D:/Program Files (x86)/Unity/2020.3.30f1/Editor/Data/Managed'
Mono path[1] = 'D:/Program Files (x86)/Unity/2020.3.30f1/Editor/Data/MonoBleedingEdge/lib/mono/unityjit'
Mono config path = 'D:/Program Files (x86)/Unity/2020.3.30f1/Editor/Data/MonoBleedingEdge/etc'
Using monoOptions --debugger-agent=transport=dt_socket,embedding=1,server=y,suspend=n,address=127.0.0.1:56240
Begin MonoManager ReloadAssembly
Registering precompiled unity dll's ...
Register platform support module: D:/Program Files (x86)/Unity/2020.3.30f1/Editor/Data/PlaybackEngines/WindowsStandaloneSupport/UnityEditor.WindowsStandalone.Extensions.dll
Registered in 0.006699 seconds.
Native extension for WindowsStandalone target not found
Refreshing native plugins compatible for Editor in 53.84 ms, found 2 plugins.
Preloading 0 native plugins for Editor in 0.00 ms.
Mono: successfully reloaded assembly
- Completed reload, in  1.331 seconds
Domain Reload Profiling:
	ReloadAssembly (1331ms)
		BeginReloadAssembly (190ms)
			ExecutionOrderSort (0ms)
			DisableScriptedObjects (0ms)
			BackupInstance (0ms)
			ReleaseScriptingObjects (0ms)
			CreateAndSetChildDomain (1ms)
		EndReloadAssembly (975ms)
			LoadAssemblies (181ms)
			RebuildTransferFunctionScriptingTraits (0ms)
			SetupTypeCache (450ms)
			ReleaseScriptCaches (0ms)
			RebuildScriptCaches (52ms)
			SetupLoadedEditorAssemblies (290ms)
				LogAssemblyErrors (0ms)
				InitializePlatformSupportModulesInManaged (7ms)
				SetLoadedEditorAssemblies (0ms)
				RefreshPlugins (54ms)
				BeforeProcessingInitializeOnLoad (22ms)
				ProcessInitializeOnLoadAttributes (155ms)
				ProcessInitializeOnLoadMethodAttributes (50ms)
				AfterProcessingInitializeOnLoad (0ms)
				EditorAssembliesLoaded (0ms)
			ExecutionOrderSort2 (0ms)
			AwakeInstancesAfterBackupRestoration (0ms)
Platform modules already initialized, skipping
Registering precompiled user dll's ...
Registered in 0.008174 seconds.
Begin MonoManager ReloadAssembly
Native extension for WindowsStandalone target not found
Refreshing native plugins compatible for Editor in 1.06 ms, found 2 plugins.
Preloading 0 native plugins for Editor in 0.00 ms.
Mono: successfully reloaded assembly
- Completed reload, in  1.952 seconds
Domain Reload Profiling:
	ReloadAssembly (1953ms)
		BeginReloadAssembly (338ms)
			ExecutionOrderSort (0ms)
			DisableScriptedObjects (6ms)
			BackupInstance (0ms)
			ReleaseScriptingObjects (0ms)
			CreateAndSetChildDomain (33ms)
		EndReloadAssembly (1477ms)
			LoadAssemblies (234ms)
			RebuildTransferFunctionScriptingTraits (0ms)
			SetupTypeCache (504ms)
			ReleaseScriptCaches (2ms)
			RebuildScriptCaches (72ms)
			SetupLoadedEditorAssemblies (557ms)
				LogAssemblyErrors (0ms)
				InitializePlatformSupportModulesInManaged (9ms)
				SetLoadedEditorAssemblies (1ms)
				RefreshPlugins (1ms)
				BeforeProcessingInitializeOnLoad (171ms)
				ProcessInitializeOnLoadAttributes (333ms)
				ProcessInitializeOnLoadMethodAttributes (16ms)
				AfterProcessingInitializeOnLoad (25ms)
				EditorAssembliesLoaded (0ms)
			ExecutionOrderSort2 (0ms)
			AwakeInstancesAfterBackupRestoration (10ms)
Platform modules already initialized, skipping
========================================================================
Worker process is ready to serve import requests
Launched and connected shader compiler UnityShaderCompiler.exe after 0.14 seconds
Refreshing native plugins compatible for Editor in 0.47 ms, found 2 plugins.
Preloading 0 native plugins for Editor in 0.00 ms.
Unloading 1511 Unused Serialized files (Serialized files now loaded: 0)
System memory in use before: 67.8 MB.
System memory in use after: 67.9 MB.

Unloading 16 unused Assets to reduce memory usage. Loaded Objects now: 1947.
Total: 6.503900 ms (FindLiveObjects: 0.441100 ms CreateObjectMapping: 0.240000 ms MarkObjects: 5.709200 ms  DeleteObjects: 0.110000 ms)

AssetImportParameters requested are different than current active one (requested -> active):
  custom:framework-win-MediaFoundation: 216162199b28c13a410421893ffa2e32 -> 
  custom:video-decoder-ogg-theora: a1e56fd34408186e4bbccfd4996cb3dc -> 
  custom:container-muxer-webm: aa71ff27fc2769a1b78a27578f13a17b -> 
  custom:container-demuxer-webm: 4f35f7cbe854078d1ac9338744f61a02 -> 
  custom:container-demuxer-ogg: 62fdf1f143b41e24485cea50d1cbac27 -> 
  custom:video-encoder-webm-vp8: eb34c28f22e8b96e1ab97ce403110664 -> 
  custom:video-decoder-webm-vp8: 9c59270c3fd7afecdb556c50c9e8de78 -> 
  custom:audio-decoder-ogg-vorbis: bf7c407c2cedff20999df2af8eb42d56 -> 
  custom:audio-encoder-webm-vorbis: bf7c407c2cedff20999df2af8eb42d56 -> 
========================================================================
Received Import Request.
  path: Assets/Victory sound effect.mp3
  artifactKey: Guid(f7b3a1b0726f47746af058b429afc31b) Importer(815301076,1909f56bfc062723c751e8b465ee728b)
Start importing Assets/Victory sound effect.mp3 using Guid(f7b3a1b0726f47746af058b429afc31b) Importer(815301076,1909f56bfc062723c751e8b465ee728b)  -> (artifact id: '4f181ad649175d49183b07c7762599e6') in 0.281055 seconds 
========================================================================
Received Import Request.
  Time since last request: 42.450941 seconds.
  path: Assets/01_Scenes
  artifactKey: Guid(fd8b4dae83452b4468adfe01c2de283f) Importer(815301076,1909f56bfc062723c751e8b465ee728b)
Start importing Assets/01_Scenes using Guid(fd8b4dae83452b4468adfe01c2de283f) Importer(815301076,1909f56bfc062723c751e8b465ee728b)  -> (artifact id: '0c73d3597ecfa9e0cfe9f2e3c2eefc83') in 0.014992 seconds 
========================================================================
Received Import Request.
  Time since last request: 1.934556 seconds.
  path: Assets/01_Scenes/MainScene.unity
  artifactKey: Guid(102802844b736e74dad018be6fc79b10) Importer(815301076,1909f56bfc062723c751e8b465ee728b)
Start importing Assets/01_Scenes/MainScene.unity using Guid(102802844b736e74dad018be6fc79b10) Importer(815301076,1909f56bfc062723c751e8b465ee728b)  -> (artifact id: '491f5c15f79bada6b8c265274245733d') in 0.014720 seconds 
========================================================================
Received Import Request.
  Time since last request: 3.515459 seconds.
  path: Assets/03_scripts/PinController.cs
  artifactKey: Guid(57a5a17900088344b8c14fdd1c6176ef) Importer(815301076,1909f56bfc062723c751e8b465ee728b)
Start importing Assets/03_scripts/PinController.cs using Guid(57a5a17900088344b8c14fdd1c6176ef) Importer(815301076,1909f56bfc062723c751e8b465ee728b)  -> (artifact id: 'd1bee158fdc471343a70d1f96b57ff7d') in 0.015857 seconds 
========================================================================
Received Prepare
Registering precompiled user dll's ...
Registered in 0.013780 seconds.
Begin MonoManager ReloadAssembly
Native extension for WindowsStandalone target not found
Refreshing native plugins compatible for Editor in 0.56 ms, found 2 plugins.
Preloading 0 native plugins for Editor in 0.00 ms.
Mono: successfully reloaded assembly
- Completed reload, in  1.880 seconds
Domain Reload Profiling:
	ReloadAssembly (1880ms)
		BeginReloadAssembly (299ms)
			ExecutionOrderSort (0ms)
			DisableScriptedObjects (6ms)
			BackupInstance (0ms)
			ReleaseScriptingObjects (0ms)
			CreateAndSetChildDomain (71ms)
		EndReloadAssembly (1435ms)
			LoadAssemblies (248ms)
			RebuildTransferFunctionScriptingTraits (0ms)
			SetupTypeCache (497ms)
			ReleaseScriptCaches (1ms)
			RebuildScriptCaches (66ms)
			SetupLoadedEditorAssemblies (535ms)
				LogAssemblyErrors (0ms)
				InitializePlatformSupportModulesInManaged (9ms)
				SetLoadedEditorAssemblies (1ms)
				RefreshPlugins (1ms)
				BeforeProcessingInitializeOnLoad (169ms)
				ProcessInitializeOnLoadAttributes (314ms)
				ProcessInitializeOnLoadMethodAttributes (18ms)
				AfterProcessingInitializeOnLoad (23ms)
				EditorAssembliesLoaded (1ms)
			ExecutionOrderSort2 (0ms)
			AwakeInstancesAfterBackupRestoration (13ms)
Platform modules already initialized, skipping
Refreshing native plugins compatible for Editor in 0.46 ms, found 2 plugins.
Preloading 0 native plugins for Editor in 0.00 ms.
Unloading 1505 Unused Serialized files (Serialized files now loaded: 0)
System memory in use before: 70.8 MB.
System memory in use after: 70.9 MB.

Unloading 11 unused Assets to reduce memory usage. Loaded Objects now: 1959.
Total: 3.845700 ms (FindLiveObjects: 0.207100 ms CreateObjectMapping: 0.075300 ms MarkObjects: 3.534100 ms  DeleteObjects: 0.028000 ms)

AssetImportParameters requested are different than current active one (requested -> active):
  custom:framework-win-MediaFoundation: 216162199b28c13a410421893ffa2e32 -> 
  custom:video-decoder-ogg-theora: a1e56fd34408186e4bbccfd4996cb3dc -> 
  custom:container-muxer-webm: aa71ff27fc2769a1b78a27578f13a17b -> 
  custom:container-demuxer-webm: 4f35f7cbe854078d1ac9338744f61a02 -> 
  custom:container-demuxer-ogg: 62fdf1f143b41e24485cea50d1cbac27 -> 
  custom:video-encoder-webm-vp8: eb34c28f22e8b96e1ab97ce403110664 -> 
  custom:video-decoder-webm-vp8: 9c59270c3fd7afecdb556c50c9e8de78 -> 
  custom:audio-decoder-ogg-vorbis: bf7c407c2cedff20999df2af8eb42d56 -> 
  custom:audio-encoder-webm-vorbis: bf7c407c2cedff20999df2af8eb42d56 -> 
========================================================================
Received Prepare
Registering precompiled user dll's ...
Registered in 0.009481 seconds.
Begin MonoManager ReloadAssembly
Native extension for WindowsStandalone target not found
Refreshing native plugins compatible for Editor in 0.72 ms, found 2 plugins.
Preloading 0 native plugins for Editor in 0.00 ms.
Mono: successfully reloaded assembly
- Completed reload, in  2.037 seconds
Domain Reload Profiling:
	ReloadAssembly (2038ms)
		BeginReloadAssembly (285ms)
			ExecutionOrderSort (0ms)
			DisableScriptedObjects (13ms)
			BackupInstance (0ms)
			ReleaseScriptingObjects (0ms)
			CreateAndSetChildDomain (64ms)
		EndReloadAssembly (1597ms)
			LoadAssemblies (259ms)
			RebuildTransferFunctionScriptingTraits (0ms)
			SetupTypeCache (526ms)
			ReleaseScriptCaches (2ms)
			RebuildScriptCaches (88ms)
			SetupLoadedEditorAssemblies (582ms)
				LogAssemblyErrors (0ms)
				InitializePlatformSupportModulesInManaged (11ms)
				SetLoadedEditorAssemblies (1ms)
				RefreshPlugins (1ms)
				BeforeProcessingInitializeOnLoad (184ms)
				ProcessInitializeOnLoadAttributes (339ms)
				ProcessInitializeOnLoadMethodAttributes (23ms)
				AfterProcessingInitializeOnLoad (23ms)
				EditorAssembliesLoaded (0ms)
			ExecutionOrderSort2 (0ms)
			AwakeInstancesAfterBackupRestoration (15ms)
Platform modules already initialized, skipping
Refreshing native plugins compatible for Editor in 0.44 ms, found 2 plugins.
Preloading 0 native plugins for Editor in 0.00 ms.
Unloading 1505 Unused Serialized files (Serialized files now loaded: 0)
System memory in use before: 70.8 MB.
System memory in use after: 70.9 MB.

Unloading 11 unused Assets to reduce memory usage. Loaded Objects now: 1962.
Total: 4.293900 ms (FindLiveObjects: 0.327700 ms CreateObjectMapping: 0.119600 ms MarkObjects: 3.805400 ms  DeleteObjects: 0.038800 ms)

AssetImportParameters requested are different than current active one (requested -> active):
  custom:framework-win-MediaFoundation: 216162199b28c13a410421893ffa2e32 -> 
  custom:video-decoder-ogg-theora: a1e56fd34408186e4bbccfd4996cb3dc -> 
  custom:container-muxer-webm: aa71ff27fc2769a1b78a27578f13a17b -> 
  custom:container-demuxer-webm: 4f35f7cbe854078d1ac9338744f61a02 -> 
  custom:container-demuxer-ogg: 62fdf1f143b41e24485cea50d1cbac27 -> 
  custom:video-encoder-webm-vp8: eb34c28f22e8b96e1ab97ce403110664 -> 
  custom:video-decoder-webm-vp8: 9c59270c3fd7afecdb556c50c9e8de78 -> 
  custom:audio-decoder-ogg-vorbis: bf7c407c2cedff20999df2af8eb42d56 -> 
  custom:audio-encoder-webm-vorbis: bf7c407c2cedff20999df2af8eb42d56 -> 
========================================================================
Received Prepare
Registering precompiled user dll's ...
Registered in 0.109796 seconds.
Begin MonoManager ReloadAssembly
Native extension for WindowsStandalone target not found
Refreshing native plugins compatible for Editor in 0.37 ms, found 2 plugins.
Preloading 0 native plugins for Editor in 0.00 ms.
Mono: successfully reloaded assembly
- Completed reload, in  2.076 seconds
Domain Reload Profiling:
	ReloadAssembly (2076ms)
		BeginReloadAssembly (302ms)
			ExecutionOrderSort (0ms)
			DisableScriptedObjects (15ms)
			BackupInstance (0ms)
			ReleaseScriptingObjects (0ms)
			CreateAndSetChildDomain (69ms)
		EndReloadAssembly (1520ms)
			LoadAssemblies (261ms)
			RebuildTransferFunctionScriptingTraits (0ms)
			SetupTypeCache (518ms)
			ReleaseScriptCaches (1ms)
			RebuildScriptCaches (75ms)
			SetupLoadedEditorAssemblies (547ms)
				LogAssemblyErrors (0ms)
				InitializePlatformSupportModulesInManaged (9ms)
				SetLoadedEditorAssemblies (1ms)
				RefreshPlugins (0ms)
				BeforeProcessingInitializeOnLoad (183ms)
				ProcessInitializeOnLoadAttributes (315ms)
				ProcessInitializeOnLoadMethodAttributes (16ms)
				AfterProcessingInitializeOnLoad (23ms)
				EditorAssembliesLoaded (0ms)
			ExecutionOrderSort2 (0ms)
			AwakeInstancesAfterBackupRestoration (14ms)
Platform modules already initialized, skipping
Refreshing native plugins compatible for Editor in 0.40 ms, found 2 plugins.
Preloading 0 native plugins for Editor in 0.00 ms.
Unloading 1505 Unused Serialized files (Serialized files now loaded: 0)
System memory in use before: 70.8 MB.
System memory in use after: 70.9 MB.

Unloading 11 unused Assets to reduce memory usage. Loaded Objects now: 1965.
Total: 3.476300 ms (FindLiveObjects: 0.189200 ms CreateObjectMapping: 0.086900 ms MarkObjects: 3.172000 ms  DeleteObjects: 0.027100 ms)

AssetImportParameters requested are different than current active one (requested -> active):
  custom:framework-win-MediaFoundation: 216162199b28c13a410421893ffa2e32 -> 
  custom:video-decoder-ogg-theora: a1e56fd34408186e4bbccfd4996cb3dc -> 
  custom:container-muxer-webm: aa71ff27fc2769a1b78a27578f13a17b -> 
  custom:container-demuxer-webm: 4f35f7cbe854078d1ac9338744f61a02 -> 
  custom:container-demuxer-ogg: 62fdf1f143b41e24485cea50d1cbac27 -> 
  custom:video-encoder-webm-vp8: eb34c28f22e8b96e1ab97ce403110664 -> 
  custom:video-decoder-webm-vp8: 9c59270c3fd7afecdb556c50c9e8de78 -> 
  custom:audio-decoder-ogg-vorbis: bf7c407c2cedff20999df2af8eb42d56 -> 
  custom:audio-encoder-webm-vorbis: bf7c407c2cedff20999df2af8eb42d56 -> 
========================================================================
Received Import Request.
  Time since last request: 516.057212 seconds.
  path: Assets/tentativaTrigger.cs
  artifactKey: Guid(8cfa8253142d9fb4f8ec13f57a40b8a9) Importer(815301076,1909f56bfc062723c751e8b465ee728b)
Start importing Assets/tentativaTrigger.cs using Guid(8cfa8253142d9fb4f8ec13f57a40b8a9) Importer(815301076,1909f56bfc062723c751e8b465ee728b)  -> (artifact id: 'dac22e4beae8b829dae3a7f046698d33') in 0.012015 seconds 
========================================================================
Received Prepare
Registering precompiled user dll's ...
Registered in 0.008404 seconds.
Begin MonoManager ReloadAssembly
Native extension for WindowsStandalone target not found
Refreshing native plugins compatible for Editor in 1.02 ms, found 2 plugins.
Preloading 0 native plugins for Editor in 0.00 ms.
Mono: successfully reloaded assembly
- Completed reload, in  1.925 seconds
Domain Reload Profiling:
	ReloadAssembly (1925ms)
		BeginReloadAssembly (267ms)
			ExecutionOrderSort (0ms)
			DisableScriptedObjects (7ms)
			BackupInstance (0ms)
			ReleaseScriptingObjects (0ms)
			CreateAndSetChildDomain (56ms)
		EndReloadAssembly (1506ms)
			LoadAssemblies (279ms)
			RebuildTransferFunctionScriptingTraits (0ms)
			SetupTypeCache (486ms)
			ReleaseScriptCaches (2ms)
			RebuildScriptCaches (72ms)
			SetupLoadedEditorAssemblies (551ms)
				LogAssemblyErrors (0ms)
				InitializePlatformSupportModulesInManaged (7ms)
				SetLoadedEditorAssemblies (1ms)
				RefreshPlugins (1ms)
				BeforeProcessingInitializeOnLoad (173ms)
				ProcessInitializeOnLoadAttributes (328ms)
				ProcessInitializeOnLoadMethodAttributes (17ms)
				AfterProcessingInitializeOnLoad (23ms)
				EditorAssembliesLoaded (0ms)
			ExecutionOrderSort2 (0ms)
			AwakeInstancesAfterBackupRestoration (15ms)
Platform modules already initialized, skipping
Refreshing native plugins compatible for Editor in 0.48 ms, found 2 plugins.
Preloading 0 native plugins for Editor in 0.00 ms.
Unloading 1504 Unused Serialized files (Serialized files now loaded: 0)
System memory in use before: 70.8 MB.
System memory in use after: 70.9 MB.

Unloading 12 unused Assets to reduce memory usage. Loaded Objects now: 1967.
Total: 4.454700 ms (FindLiveObjects: 0.165700 ms CreateObjectMapping: 0.066700 ms MarkObjects: 4.193100 ms  DeleteObjects: 0.027600 ms)

AssetImportParameters requested are different than current active one (requested -> active):
  custom:framework-win-MediaFoundation: 216162199b28c13a410421893ffa2e32 -> 
  custom:video-decoder-ogg-theora: a1e56fd34408186e4bbccfd4996cb3dc -> 
  custom:container-muxer-webm: aa71ff27fc2769a1b78a27578f13a17b -> 
  custom:container-demuxer-webm: 4f35f7cbe854078d1ac9338744f61a02 -> 
  custom:container-demuxer-ogg: 62fdf1f143b41e24485cea50d1cbac27 -> 
  custom:video-encoder-webm-vp8: eb34c28f22e8b96e1ab97ce403110664 -> 
  custom:video-decoder-webm-vp8: 9c59270c3fd7afecdb556c50c9e8de78 -> 
  custom:audio-decoder-ogg-vorbis: bf7c407c2cedff20999df2af8eb42d56 -> 
  custom:audio-encoder-webm-vorbis: bf7c407c2cedff20999df2af8eb42d56 -> 
========================================================================
Received Import Request.
  Time since last request: 123.535791 seconds.
  path: Assets/04_prefabs
  artifactKey: Guid(9687ac19c011ae243b8081a7b338af33) Importer(815301076,1909f56bfc062723c751e8b465ee728b)
Start importing Assets/04_prefabs using Guid(9687ac19c011ae243b8081a7b338af33) Importer(815301076,1909f56bfc062723c751e8b465ee728b)  -> (artifact id: '61930e42aeae0775e84623bc50772a01') in 0.027300 seconds 
========================================================================
Received Import Request.
  Time since last request: 0.029669 seconds.
  path: Assets/04_prefabs/Bowling.prefab
  artifactKey: Guid(65886890cada7dc45841f9755bc3e9c7) Importer(815301076,1909f56bfc062723c751e8b465ee728b)
Start importing Assets/04_prefabs/Bowling.prefab using Guid(65886890cada7dc45841f9755bc3e9c7) Importer(815301076,1909f56bfc062723c751e8b465ee728b)  -> (artifact id: '61bc54eece2a316af3f5447bf92b82c5') in 0.417896 seconds 
========================================================================
Received Import Request.
  Time since last request: 0.000334 seconds.
  path: Assets/04_prefabs/pin.prefab
  artifactKey: Guid(bfd1a61d6e14ebc4dae7cdb64d0d4857) Importer(815301076,1909f56bfc062723c751e8b465ee728b)
Start importing Assets/04_prefabs/pin.prefab using Guid(bfd1a61d6e14ebc4dae7cdb64d0d4857) Importer(815301076,1909f56bfc062723c751e8b465ee728b)  -> (artifact id: '948b5735756781fc4e76d43ea851597f') in 0.033562 seconds 
========================================================================
Received Import Request.
  Time since last request: 67.791202 seconds.
  path: Assets/03_scripts/Playercontroller.cs
  artifactKey: Guid(febf88d0a4cf59a419c7d1c08d95c505) Importer(815301076,1909f56bfc062723c751e8b465ee728b)
Start importing Assets/03_scripts/Playercontroller.cs using Guid(febf88d0a4cf59a419c7d1c08d95c505) Importer(815301076,1909f56bfc062723c751e8b465ee728b)  -> (artifact id: '41547f897f1f7b22fcec340b630edd8a') in 0.010096 seconds 
========================================================================
Received Import Request.
  Time since last request: 0.010115 seconds.
  path: Assets/03_scripts/IndividualPin.cs
  artifactKey: Guid(5ad5e9efb33e5444483ec3bba5f595c0) Importer(815301076,1909f56bfc062723c751e8b465ee728b)
Start importing Assets/03_scripts/IndividualPin.cs using Guid(5ad5e9efb33e5444483ec3bba5f595c0) Importer(815301076,1909f56bfc062723c751e8b465ee728b)  -> (artifact id: '0e053e0d70fdefe25f690bf59447e226') in 0.009666 seconds 
========================================================================
Received Import Request.
  Time since last request: 0.120784 seconds.
  path: Assets/02_materials/red.mat
  artifactKey: Guid(dc44ecc2e60fa514ea520f80d785ec38) Importer(815301076,1909f56bfc062723c751e8b465ee728b)
Start importing Assets/02_materials/red.mat using Guid(dc44ecc2e60fa514ea520f80d785ec38) Importer(815301076,1909f56bfc062723c751e8b465ee728b)  -> (artifact id: '42a30695413b7e6c2eeaf8a7ec071ef3') in 0.155754 seconds 
========================================================================
Received Import Request.
  Time since last request: 0.039590 seconds.
  path: Assets/02_materials/grey.mat
  artifactKey: Guid(6247d078354c05448a58d7e35b059de3) Importer(815301076,1909f56bfc062723c751e8b465ee728b)
Start importing Assets/02_materials/grey.mat using Guid(6247d078354c05448a58d7e35b059de3) Importer(815301076,1909f56bfc062723c751e8b465ee728b)  -> (artifact id: '330c2049e599f7047137bea1c338257e') in 0.139231 seconds 
========================================================================
Received Import Request.
  Time since last request: 0.013637 seconds.
  path: Assets/02_materials/Blue.mat
  artifactKey: Guid(68e2a2e30e028cf40a209e31c023a974) Importer(815301076,1909f56bfc062723c751e8b465ee728b)
Start importing Assets/02_materials/Blue.mat using Guid(68e2a2e30e028cf40a209e31c023a974) Importer(815301076,1909f56bfc062723c751e8b465ee728b)  -> (artifact id: '2cc154b3508d6ad0473d1447e23751e8') in 0.091010 seconds 
========================================================================
Received Import Request.
  Time since last request: 3.406377 seconds.
  path: Assets/01_Scenes/lose.unity
  artifactKey: Guid(c4f8c4e7ca89be94d94e215f50fb77ae) Importer(815301076,1909f56bfc062723c751e8b465ee728b)
Start importing Assets/01_Scenes/lose.unity using Guid(c4f8c4e7ca89be94d94e215f50fb77ae) Importer(815301076,1909f56bfc062723c751e8b465ee728b)  -> (artifact id: 'c7753f4dbbf0f28fc1ca4647b78ef24f') in 0.014035 seconds 
========================================================================
Received Import Request.
  Time since last request: 14.935355 seconds.
  path: Assets/01_Scenes/victory.unity
  artifactKey: Guid(cc137aa5ec73ba64a8541a46f5cd5eee) Importer(815301076,1909f56bfc062723c751e8b465ee728b)
Start importing Assets/01_Scenes/victory.unity using Guid(cc137aa5ec73ba64a8541a46f5cd5eee) Importer(815301076,1909f56bfc062723c751e8b465ee728b)  -> (artifact id: 'ae32a7efc7be468cea5d4ff1ef79c50a') in 0.011403 seconds 
AssetImportWorkerClient::OnTransportError - code=2 error=End of file
