Using pre-set license
Built from '2020.3/staging' branch; Version is '2020.3.18f1 (a7d1c678663c) revision 10998214'; Using compiler version '192528614'; Build Type 'Release'
OS: 'Windows 10 Enterprise; OS build 19043.1348; Version 2009; 64bit' Language: 'pt' Physical Memory: 16191 MB
BatchMode: 1, IsHumanControllingUs: 0, StartBugReporterOnCrash: 0, Is64bit: 1, IsPro: 0

COMMAND LINE ARGUMENTS:
C:\Program Files\Unity\Hub\Editor\2020.3.18f1\Editor\Unity.exe
-adb2
-batchMode
-noUpm
-name
AssetImportWorker0
-projectPath
C:/Users/A040267/OneDrive - Maieutica/sem2-AVI/AVIProject_1
-logFile
Logs/AssetImportWorker0.log
-srvPort
57291
Successfully changed project path to: C:/Users/A040267/OneDrive - Maieutica/sem2-AVI/AVIProject_1
C:/Users/A040267/OneDrive - Maieutica/sem2-AVI/AVIProject_1
Using Asset Import Pipeline V2.
Refreshing native plugins compatible for Editor in 30.24 ms, found 2 plugins.
Preloading 0 native plugins for Editor in 0.00 ms.
Initialize engine version: 2020.3.18f1 (a7d1c678663c)
[Subsystems] Discovering subsystems at path C:/Program Files/Unity/Hub/Editor/2020.3.18f1/Editor/Data/Resources/UnitySubsystems
[Subsystems] Discovering subsystems at path C:/Users/A040267/OneDrive - Maieutica/sem2-AVI/AVIProject_1/Assets
GfxDevice: creating device client; threaded=0
Direct3D:
    Version:  Direct3D 11.0 [level 11.1]
    Renderer: NVIDIA GeForce GTX 1080 (ID=0x1b80)
    Vendor:   
    VRAM:     8079 MB
    Driver:   30.0.14.9649
Initialize mono
Mono path[0] = 'C:/Program Files/Unity/Hub/Editor/2020.3.18f1/Editor/Data/Managed'
Mono path[1] = 'C:/Program Files/Unity/Hub/Editor/2020.3.18f1/Editor/Data/MonoBleedingEdge/lib/mono/unityjit'
Mono config path = 'C:/Program Files/Unity/Hub/Editor/2020.3.18f1/Editor/Data/MonoBleedingEdge/etc'
Using monoOptions --debugger-agent=transport=dt_socket,embedding=1,server=y,suspend=n,address=127.0.0.1:56400
Begin MonoManager ReloadAssembly
Registering precompiled unity dll's ...
Register platform support module: C:/Program Files/Unity/Hub/Editor/2020.3.18f1/Editor/Data/PlaybackEngines/WindowsStandaloneSupport/UnityEditor.WindowsStandalone.Extensions.dll
Registered in 0.002180 seconds.
Native extension for WindowsStandalone target not found
Refreshing native plugins compatible for Editor in 27.40 ms, found 2 plugins.
Preloading 0 native plugins for Editor in 0.00 ms.
Mono: successfully reloaded assembly
- Completed reload, in  1.972 seconds
Domain Reload Profiling:
	ReloadAssembly (1972ms)
		BeginReloadAssembly (50ms)
			ExecutionOrderSort (0ms)
			DisableScriptedObjects (0ms)
			BackupInstance (0ms)
			ReleaseScriptingObjects (0ms)
			CreateAndSetChildDomain (1ms)
		EndReloadAssembly (372ms)
			LoadAssemblies (49ms)
			RebuildTransferFunctionScriptingTraits (0ms)
			SetupTypeCache (148ms)
			ReleaseScriptCaches (0ms)
			RebuildScriptCaches (28ms)
			SetupLoadedEditorAssemblies (134ms)
				LogAssemblyErrors (0ms)
				InitializePlatformSupportModulesInManaged (4ms)
				SetLoadedEditorAssemblies (0ms)
				RefreshPlugins (27ms)
				BeforeProcessingInitializeOnLoad (14ms)
				ProcessInitializeOnLoadAttributes (65ms)
				ProcessInitializeOnLoadMethodAttributes (24ms)
				AfterProcessingInitializeOnLoad (0ms)
				EditorAssembliesLoaded (0ms)
			ExecutionOrderSort2 (0ms)
			AwakeInstancesAfterBackupRestoration (0ms)
Platform modules already initialized, skipping
Registering precompiled user dll's ...
Registered in 0.003181 seconds.
Begin MonoManager ReloadAssembly
Native extension for WindowsStandalone target not found
Refreshing native plugins compatible for Editor in 0.30 ms, found 2 plugins.
Preloading 0 native plugins for Editor in 0.00 ms.
Mono: successfully reloaded assembly
- Completed reload, in  0.882 seconds
Domain Reload Profiling:
	ReloadAssembly (882ms)
		BeginReloadAssembly (124ms)
			ExecutionOrderSort (0ms)
			DisableScriptedObjects (4ms)
			BackupInstance (0ms)
			ReleaseScriptingObjects (0ms)
			CreateAndSetChildDomain (15ms)
		EndReloadAssembly (705ms)
			LoadAssemblies (73ms)
			RebuildTransferFunctionScriptingTraits (0ms)
			SetupTypeCache (233ms)
			ReleaseScriptCaches (0ms)
			RebuildScriptCaches (42ms)
			SetupLoadedEditorAssemblies (272ms)
				LogAssemblyErrors (0ms)
				InitializePlatformSupportModulesInManaged (4ms)
				SetLoadedEditorAssemblies (0ms)
				RefreshPlugins (0ms)
				BeforeProcessingInitializeOnLoad (70ms)
				ProcessInitializeOnLoadAttributes (187ms)
				ProcessInitializeOnLoadMethodAttributes (4ms)
				AfterProcessingInitializeOnLoad (6ms)
				EditorAssembliesLoaded (0ms)
			ExecutionOrderSort2 (0ms)
			AwakeInstancesAfterBackupRestoration (5ms)
Platform modules already initialized, skipping
========================================================================
Worker process is ready to serve import requests
Launched and connected shader compiler UnityShaderCompiler.exe after 0.07 seconds
Refreshing native plugins compatible for Editor in 0.54 ms, found 2 plugins.
Preloading 0 native plugins for Editor in 0.00 ms.
Unloading 1591 Unused Serialized files (Serialized files now loaded: 0)
System memory in use before: 74.0 MB.
System memory in use after: 74.1 MB.

Unloading 17 unused Assets to reduce memory usage. Loaded Objects now: 2026.
Total: 3.956600 ms (FindLiveObjects: 0.203400 ms CreateObjectMapping: 0.066300 ms MarkObjects: 3.566800 ms  DeleteObjects: 0.118800 ms)

AssetImportParameters requested are different than current active one (requested -> active):
  custom:framework-win-MediaFoundation: 216162199b28c13a410421893ffa2e32 -> 
  custom:video-decoder-ogg-theora: a1e56fd34408186e4bbccfd4996cb3dc -> 
  custom:container-muxer-webm: aa71ff27fc2769a1b78a27578f13a17b -> 
  custom:container-demuxer-webm: 4f35f7cbe854078d1ac9338744f61a02 -> 
  custom:container-demuxer-ogg: 62fdf1f143b41e24485cea50d1cbac27 -> 
  custom:video-encoder-webm-vp8: eb34c28f22e8b96e1ab97ce403110664 -> 
  custom:video-decoder-webm-vp8: 9c59270c3fd7afecdb556c50c9e8de78 -> 
  custom:audio-decoder-ogg-vorbis: bf7c407c2cedff20999df2af8eb42d56 -> 
  custom:audio-encoder-webm-vorbis: bf7c407c2cedff20999df2af8eb42d56 -> 
========================================================================
Received Import Request.
  path: Assets/T90
  artifactKey: Guid(f5f0e8a025268a646b3234395234a200) Importer(815301076,1909f56bfc062723c751e8b465ee728b)
Start importing Assets/T90 using Guid(f5f0e8a025268a646b3234395234a200) Importer(815301076,1909f56bfc062723c751e8b465ee728b)  -> (artifact id: 'def803805b7162f1a50fd3e5eea976f3') in 0.011615 seconds 
  Import took 0.014726 seconds .

========================================================================
Received Import Request.
  Time since last request: 0.000249 seconds.
  path: Assets/T90/T90models/T90LPtraks.fbx
  artifactKey: Guid(dee5f2de5ff0aec48a3af116ec70f0ad) Importer(815301076,1909f56bfc062723c751e8b465ee728b)
Start importing Assets/T90/T90models/T90LPtraks.fbx using Guid(dee5f2de5ff0aec48a3af116ec70f0ad) Importer(815301076,1909f56bfc062723c751e8b465ee728b)  -> (artifact id: '9ea40ae9b75b2767c4b63aa150106e26') in 0.191679 seconds 
  Import took 0.194433 seconds .

========================================================================
Received Import Request.
  Time since last request: 0.000259 seconds.
  path: Assets/T90/T90models/T90LP.fbx
  artifactKey: Guid(6118207091096d94482fb6be313ac6fc) Importer(815301076,1909f56bfc062723c751e8b465ee728b)
Start importing Assets/T90/T90models/T90LP.fbx using Guid(6118207091096d94482fb6be313ac6fc) Importer(815301076,1909f56bfc062723c751e8b465ee728b)  -> (artifact id: 'abd4c09a6e78c9b7a7cf14b2be2119c5') in 0.131200 seconds 
  Import took 0.133540 seconds .

========================================================================
Received Import Request.
  Time since last request: 0.000260 seconds.
  path: Assets/T90/T90models
  artifactKey: Guid(5befa67ff55176348a9d042fc69a58ac) Importer(815301076,1909f56bfc062723c751e8b465ee728b)
Start importing Assets/T90/T90models using Guid(5befa67ff55176348a9d042fc69a58ac) Importer(815301076,1909f56bfc062723c751e8b465ee728b)  -> (artifact id: 'e288f8f09c39c3b4b52b05b46c8a4068') in 0.005595 seconds 
  Import took 0.007686 seconds .

========================================================================
Received Import Request.
  Time since last request: 0.822369 seconds.
  path: Assets/T90/T90U5prefabs
  artifactKey: Guid(c2f8bdd4661b8f645a123976e905bcd1) Importer(815301076,1909f56bfc062723c751e8b465ee728b)
Start importing Assets/T90/T90U5prefabs using Guid(c2f8bdd4661b8f645a123976e905bcd1) Importer(815301076,1909f56bfc062723c751e8b465ee728b)  -> (artifact id: '6111d288d81bd4421b63e0e9cf610a3f') in 0.006397 seconds 
  Import took 0.009469 seconds .

========================================================================
Received Import Request.
  Time since last request: 0.000826 seconds.
  path: Assets/T90/T90U5prefabs
  artifactKey: Guid(c2f8bdd4661b8f645a123976e905bcd1) Importer(815301076,1909f56bfc062723c751e8b465ee728b)
Start importing Assets/T90/T90U5prefabs using Guid(c2f8bdd4661b8f645a123976e905bcd1) Importer(815301076,1909f56bfc062723c751e8b465ee728b)  -> (artifact id: '6111d288d81bd4421b63e0e9cf610a3f') in 0.002889 seconds 
  Import took 0.005790 seconds .

========================================================================
Received Import Request.
  Time since last request: 0.069439 seconds.
  path: Assets/T90/T90U5prefabs/T90LP Desert Camo.prefab
  artifactKey: Guid(3b95bec82dae4484eafd516e73cc2623) Importer(815301076,1909f56bfc062723c751e8b465ee728b)
Start importing Assets/T90/T90U5prefabs/T90LP Desert Camo.prefab using Guid(3b95bec82dae4484eafd516e73cc2623) Importer(815301076,1909f56bfc062723c751e8b465ee728b)  -> (artifact id: '8133f3f9c1f68318365084fe00902be3') in 0.480834 seconds 
  Import took 0.484266 seconds .

========================================================================
Received Import Request.
  Time since last request: 0.000271 seconds.
  path: Assets/T90/T90U5prefabs/T90LP UrbanCamo.prefab
  artifactKey: Guid(102a65255450179459b9b28e545a2d6a) Importer(815301076,1909f56bfc062723c751e8b465ee728b)
Start importing Assets/T90/T90U5prefabs/T90LP UrbanCamo.prefab using Guid(102a65255450179459b9b28e545a2d6a) Importer(815301076,1909f56bfc062723c751e8b465ee728b)  -> (artifact id: '2da1f5bbb2549107f69c6aec17afbcad') in 0.030309 seconds 
  Import took 0.033373 seconds .

========================================================================
Received Import Request.
  Time since last request: 0.000258 seconds.
  path: Assets/T90/T90U5prefabs/T90LP Desert.prefab
  artifactKey: Guid(7e65c1f943c4ccf40ae1d463bc024c17) Importer(815301076,1909f56bfc062723c751e8b465ee728b)
Start importing Assets/T90/T90U5prefabs/T90LP Desert.prefab using Guid(7e65c1f943c4ccf40ae1d463bc024c17) Importer(815301076,1909f56bfc062723c751e8b465ee728b)  -> (artifact id: '683db8c11439139f499c4855ef89d07a') in 0.038596 seconds 
  Import took 0.041640 seconds .

========================================================================
Received Import Request.
  Time since last request: 0.000277 seconds.
  path: Assets/T90/T90U5prefabs/T90LP ForrestWavyCamo.prefab
  artifactKey: Guid(7ec0249beb2a6944c8d54d4a46ef1b27) Importer(815301076,1909f56bfc062723c751e8b465ee728b)
Start importing Assets/T90/T90U5prefabs/T90LP ForrestWavyCamo.prefab using Guid(7ec0249beb2a6944c8d54d4a46ef1b27) Importer(815301076,1909f56bfc062723c751e8b465ee728b)  -> (artifact id: 'df21fd889eaf2c7feb79538540b5323d') in 0.026981 seconds 
  Import took 0.030883 seconds .

========================================================================
Received Import Request.
  Time since last request: 0.000276 seconds.
  path: Assets/T90/T90U5prefabs/T90LP Green.prefab
  artifactKey: Guid(cb4fd6a623385fb4fb454f9e6c5c6cbd) Importer(815301076,1909f56bfc062723c751e8b465ee728b)
Start importing Assets/T90/T90U5prefabs/T90LP Green.prefab using Guid(cb4fd6a623385fb4fb454f9e6c5c6cbd) Importer(815301076,1909f56bfc062723c751e8b465ee728b)  -> (artifact id: '31bf8d0c311f148bf0087c906d3b009f') in 0.026416 seconds 
  Import took 0.029322 seconds .

========================================================================
Received Import Request.
  Time since last request: 0.000261 seconds.
  path: Assets/T90/T90U5prefabs/T90LP ForrestCamo.prefab
  artifactKey: Guid(b5d023135bcb7f348bcb343326045412) Importer(815301076,1909f56bfc062723c751e8b465ee728b)
Start importing Assets/T90/T90U5prefabs/T90LP ForrestCamo.prefab using Guid(b5d023135bcb7f348bcb343326045412) Importer(815301076,1909f56bfc062723c751e8b465ee728b)  -> (artifact id: 'c823e10180c73f95c50dec3792943f4b') in 0.028096 seconds 
  Import took 0.030905 seconds .

========================================================================
Received Import Request.
  Time since last request: 40.063495 seconds.
  path: Assets/T90/Demo
  artifactKey: Guid(c548754fcf2168f4981e7529f1fc811c) Importer(815301076,1909f56bfc062723c751e8b465ee728b)
Start importing Assets/T90/Demo using Guid(c548754fcf2168f4981e7529f1fc811c) Importer(815301076,1909f56bfc062723c751e8b465ee728b)  -> (artifact id: '357484c22dfa78dacb034ec1baa441d3') in 0.007201 seconds 
  Import took 0.010136 seconds .

========================================================================
Received Import Request.
  Time since last request: 0.000663 seconds.
  path: Assets/T90/Demo
  artifactKey: Guid(c548754fcf2168f4981e7529f1fc811c) Importer(815301076,1909f56bfc062723c751e8b465ee728b)
Start importing Assets/T90/Demo using Guid(c548754fcf2168f4981e7529f1fc811c) Importer(815301076,1909f56bfc062723c751e8b465ee728b)  -> (artifact id: '357484c22dfa78dacb034ec1baa441d3') in 0.003124 seconds 
  Import took 0.006615 seconds .

========================================================================
Received Import Request.
  Time since last request: 8.004490 seconds.
  path: Assets/T90/Demo/T90demo.unity
  artifactKey: Guid(7aed392fc48b47b4e8b809aead62a500) Importer(815301076,1909f56bfc062723c751e8b465ee728b)
Start importing Assets/T90/Demo/T90demo.unity using Guid(7aed392fc48b47b4e8b809aead62a500) Importer(815301076,1909f56bfc062723c751e8b465ee728b)  -> (artifact id: 'de6551d8f7c5a4fe6d035d59756be511') in 0.008426 seconds 
  Import took 0.011473 seconds .

========================================================================
Received Import Request.
  Time since last request: 44.171265 seconds.
  path: Assets/Scenes/Lherme.unity
  artifactKey: Guid(37b3d1a6ce75d7d4ba77275d33684b78) Importer(815301076,1909f56bfc062723c751e8b465ee728b)
Start importing Assets/Scenes/Lherme.unity using Guid(37b3d1a6ce75d7d4ba77275d33684b78) Importer(815301076,1909f56bfc062723c751e8b465ee728b)  -> (artifact id: '182cec94b5ca0bd52bef8060c91f33a2') in 0.006783 seconds 
  Import took 0.009650 seconds .

========================================================================
Received Prepare
Registering precompiled user dll's ...
Registered in 0.003008 seconds.
Begin MonoManager ReloadAssembly
Native extension for WindowsStandalone target not found
Refreshing native plugins compatible for Editor in 0.30 ms, found 2 plugins.
Preloading 0 native plugins for Editor in 0.00 ms.
Mono: successfully reloaded assembly
- Completed reload, in  0.888 seconds
Domain Reload Profiling:
	ReloadAssembly (888ms)
		BeginReloadAssembly (112ms)
			ExecutionOrderSort (0ms)
			DisableScriptedObjects (4ms)
			BackupInstance (0ms)
			ReleaseScriptingObjects (0ms)
			CreateAndSetChildDomain (30ms)
		EndReloadAssembly (713ms)
			LoadAssemblies (82ms)
			RebuildTransferFunctionScriptingTraits (0ms)
			SetupTypeCache (251ms)
			ReleaseScriptCaches (1ms)
			RebuildScriptCaches (38ms)
			SetupLoadedEditorAssemblies (253ms)
				LogAssemblyErrors (0ms)
				InitializePlatformSupportModulesInManaged (4ms)
				SetLoadedEditorAssemblies (0ms)
				RefreshPlugins (0ms)
				BeforeProcessingInitializeOnLoad (64ms)
				ProcessInitializeOnLoadAttributes (174ms)
				ProcessInitializeOnLoadMethodAttributes (3ms)
				AfterProcessingInitializeOnLoad (6ms)
				EditorAssembliesLoaded (0ms)
			ExecutionOrderSort2 (0ms)
			AwakeInstancesAfterBackupRestoration (6ms)
Platform modules already initialized, skipping
Refreshing native plugins compatible for Editor in 0.31 ms, found 2 plugins.
Preloading 0 native plugins for Editor in 0.00 ms.
Unloading 1570 Unused Serialized files (Serialized files now loaded: 0)
System memory in use before: 89.9 MB.
System memory in use after: 90.0 MB.

Unloading 13 unused Assets to reduce memory usage. Loaded Objects now: 2040.
Total: 2.773700 ms (FindLiveObjects: 0.137000 ms CreateObjectMapping: 0.038200 ms MarkObjects: 2.580200 ms  DeleteObjects: 0.017400 ms)

AssetImportParameters requested are different than current active one (requested -> active):
  custom:framework-win-MediaFoundation: 216162199b28c13a410421893ffa2e32 -> 
  custom:video-decoder-ogg-theora: a1e56fd34408186e4bbccfd4996cb3dc -> 
  custom:container-muxer-webm: aa71ff27fc2769a1b78a27578f13a17b -> 
  custom:container-demuxer-webm: 4f35f7cbe854078d1ac9338744f61a02 -> 
  custom:container-demuxer-ogg: 62fdf1f143b41e24485cea50d1cbac27 -> 
  custom:video-encoder-webm-vp8: eb34c28f22e8b96e1ab97ce403110664 -> 
  custom:video-decoder-webm-vp8: 9c59270c3fd7afecdb556c50c9e8de78 -> 
  custom:audio-decoder-ogg-vorbis: bf7c407c2cedff20999df2af8eb42d56 -> 
  custom:audio-encoder-webm-vorbis: bf7c407c2cedff20999df2af8eb42d56 -> 
========================================================================
Received Import Request.
  Time since last request: 263.097240 seconds.
  path: Assets/Animation/T90/T90LP Desert.controller
  artifactKey: Guid(cdba62b0dcb3c8542bc80963b7501999) Importer(815301076,1909f56bfc062723c751e8b465ee728b)
Start importing Assets/Animation/T90/T90LP Desert.controller using Guid(cdba62b0dcb3c8542bc80963b7501999) Importer(815301076,1909f56bfc062723c751e8b465ee728b)  -> (artifact id: 'a03d11b2b645793e212d9efa7e13809d') in 0.014413 seconds 
  Import took 0.017143 seconds .

========================================================================
Received Import Request.
  Time since last request: 0.001160 seconds.
  path: Assets/Animation/T90/T90LP Desert.controller
  artifactKey: Guid(cdba62b0dcb3c8542bc80963b7501999) Importer(815301076,1909f56bfc062723c751e8b465ee728b)
Start importing Assets/Animation/T90/T90LP Desert.controller using Guid(cdba62b0dcb3c8542bc80963b7501999) Importer(815301076,1909f56bfc062723c751e8b465ee728b)  -> (artifact id: 'a03d11b2b645793e212d9efa7e13809d') in 0.003018 seconds 
  Import took 0.005286 seconds .

========================================================================
Received Prepare
Registering precompiled user dll's ...
Registered in 0.003110 seconds.
Begin MonoManager ReloadAssembly
Native extension for WindowsStandalone target not found
Refreshing native plugins compatible for Editor in 0.51 ms, found 2 plugins.
Preloading 0 native plugins for Editor in 0.00 ms.
Mono: successfully reloaded assembly
- Completed reload, in  1.153 seconds
Domain Reload Profiling:
	ReloadAssembly (1154ms)
		BeginReloadAssembly (116ms)
			ExecutionOrderSort (0ms)
			DisableScriptedObjects (5ms)
			BackupInstance (0ms)
			ReleaseScriptingObjects (0ms)
			CreateAndSetChildDomain (37ms)
		EndReloadAssembly (965ms)
			LoadAssemblies (94ms)
			RebuildTransferFunctionScriptingTraits (0ms)
			SetupTypeCache (296ms)
			ReleaseScriptCaches (1ms)
			RebuildScriptCaches (43ms)
			SetupLoadedEditorAssemblies (424ms)
				LogAssemblyErrors (0ms)
				InitializePlatformSupportModulesInManaged (5ms)
				SetLoadedEditorAssemblies (0ms)
				RefreshPlugins (1ms)
				BeforeProcessingInitializeOnLoad (78ms)
				ProcessInitializeOnLoadAttributes (328ms)
				ProcessInitializeOnLoadMethodAttributes (4ms)
				AfterProcessingInitializeOnLoad (7ms)
				EditorAssembliesLoaded (0ms)
			ExecutionOrderSort2 (0ms)
			AwakeInstancesAfterBackupRestoration (7ms)
Platform modules already initialized, skipping
Refreshing native plugins compatible for Editor in 0.39 ms, found 2 plugins.
Preloading 0 native plugins for Editor in 0.00 ms.
Unloading 1570 Unused Serialized files (Serialized files now loaded: 0)
System memory in use before: 90.0 MB.
System memory in use after: 90.1 MB.

Unloading 12 unused Assets to reduce memory usage. Loaded Objects now: 2042.
Total: 2.534600 ms (FindLiveObjects: 0.152100 ms CreateObjectMapping: 0.042200 ms MarkObjects: 2.325400 ms  DeleteObjects: 0.014200 ms)

AssetImportParameters requested are different than current active one (requested -> active):
  custom:framework-win-MediaFoundation: 216162199b28c13a410421893ffa2e32 -> 
  custom:video-decoder-ogg-theora: a1e56fd34408186e4bbccfd4996cb3dc -> 
  custom:container-muxer-webm: aa71ff27fc2769a1b78a27578f13a17b -> 
  custom:container-demuxer-webm: 4f35f7cbe854078d1ac9338744f61a02 -> 
  custom:container-demuxer-ogg: 62fdf1f143b41e24485cea50d1cbac27 -> 
  custom:video-encoder-webm-vp8: eb34c28f22e8b96e1ab97ce403110664 -> 
  custom:video-decoder-webm-vp8: 9c59270c3fd7afecdb556c50c9e8de78 -> 
  custom:audio-decoder-ogg-vorbis: bf7c407c2cedff20999df2af8eb42d56 -> 
  custom:audio-encoder-webm-vorbis: bf7c407c2cedff20999df2af8eb42d56 -> 
========================================================================
Received Prepare
Registering precompiled user dll's ...
Registered in 0.002934 seconds.
Begin MonoManager ReloadAssembly
Native extension for WindowsStandalone target not found
Refreshing native plugins compatible for Editor in 0.31 ms, found 2 plugins.
Preloading 0 native plugins for Editor in 0.00 ms.
Mono: successfully reloaded assembly
- Completed reload, in  0.967 seconds
Domain Reload Profiling:
	ReloadAssembly (968ms)
		BeginReloadAssembly (93ms)
			ExecutionOrderSort (0ms)
			DisableScriptedObjects (4ms)
			BackupInstance (0ms)
			ReleaseScriptingObjects (0ms)
			CreateAndSetChildDomain (29ms)
		EndReloadAssembly (818ms)
			LoadAssemblies (78ms)
			RebuildTransferFunctionScriptingTraits (0ms)
			SetupTypeCache (288ms)
			ReleaseScriptCaches (1ms)
			RebuildScriptCaches (44ms)
			SetupLoadedEditorAssemblies (298ms)
				LogAssemblyErrors (0ms)
				InitializePlatformSupportModulesInManaged (5ms)
				SetLoadedEditorAssemblies (1ms)
				RefreshPlugins (0ms)
				BeforeProcessingInitializeOnLoad (73ms)
				ProcessInitializeOnLoadAttributes (206ms)
				ProcessInitializeOnLoadMethodAttributes (5ms)
				AfterProcessingInitializeOnLoad (7ms)
				EditorAssembliesLoaded (0ms)
			ExecutionOrderSort2 (0ms)
			AwakeInstancesAfterBackupRestoration (9ms)
Platform modules already initialized, skipping
Refreshing native plugins compatible for Editor in 0.37 ms, found 2 plugins.
Preloading 0 native plugins for Editor in 0.00 ms.
Unloading 1570 Unused Serialized files (Serialized files now loaded: 0)
System memory in use before: 90.0 MB.
System memory in use after: 90.1 MB.

Unloading 12 unused Assets to reduce memory usage. Loaded Objects now: 2044.
Total: 2.497000 ms (FindLiveObjects: 0.140200 ms CreateObjectMapping: 0.046400 ms MarkObjects: 2.294700 ms  DeleteObjects: 0.014600 ms)

AssetImportParameters requested are different than current active one (requested -> active):
  custom:framework-win-MediaFoundation: 216162199b28c13a410421893ffa2e32 -> 
  custom:video-decoder-ogg-theora: a1e56fd34408186e4bbccfd4996cb3dc -> 
  custom:container-muxer-webm: aa71ff27fc2769a1b78a27578f13a17b -> 
  custom:container-demuxer-webm: 4f35f7cbe854078d1ac9338744f61a02 -> 
  custom:container-demuxer-ogg: 62fdf1f143b41e24485cea50d1cbac27 -> 
  custom:video-encoder-webm-vp8: eb34c28f22e8b96e1ab97ce403110664 -> 
  custom:video-decoder-webm-vp8: 9c59270c3fd7afecdb556c50c9e8de78 -> 
  custom:audio-decoder-ogg-vorbis: bf7c407c2cedff20999df2af8eb42d56 -> 
  custom:audio-encoder-webm-vorbis: bf7c407c2cedff20999df2af8eb42d56 -> 
========================================================================
Received Prepare
Registering precompiled user dll's ...
Registered in 0.003099 seconds.
Begin MonoManager ReloadAssembly
Native extension for WindowsStandalone target not found
Refreshing native plugins compatible for Editor in 0.29 ms, found 2 plugins.
Preloading 0 native plugins for Editor in 0.00 ms.
Mono: successfully reloaded assembly
- Completed reload, in  0.817 seconds
Domain Reload Profiling:
	ReloadAssembly (818ms)
		BeginReloadAssembly (95ms)
			ExecutionOrderSort (0ms)
			DisableScriptedObjects (4ms)
			BackupInstance (0ms)
			ReleaseScriptingObjects (0ms)
			CreateAndSetChildDomain (26ms)
		EndReloadAssembly (669ms)
			LoadAssemblies (72ms)
			RebuildTransferFunctionScriptingTraits (0ms)
			SetupTypeCache (226ms)
			ReleaseScriptCaches (1ms)
			RebuildScriptCaches (36ms)
			SetupLoadedEditorAssemblies (251ms)
				LogAssemblyErrors (0ms)
				InitializePlatformSupportModulesInManaged (5ms)
				SetLoadedEditorAssemblies (0ms)
				RefreshPlugins (0ms)
				BeforeProcessingInitializeOnLoad (65ms)
				ProcessInitializeOnLoadAttributes (171ms)
				ProcessInitializeOnLoadMethodAttributes (3ms)
				AfterProcessingInitializeOnLoad (6ms)
				EditorAssembliesLoaded (0ms)
			ExecutionOrderSort2 (0ms)
			AwakeInstancesAfterBackupRestoration (5ms)
Platform modules already initialized, skipping
Refreshing native plugins compatible for Editor in 0.31 ms, found 2 plugins.
Preloading 0 native plugins for Editor in 0.00 ms.
Unloading 1570 Unused Serialized files (Serialized files now loaded: 0)
System memory in use before: 90.0 MB.
System memory in use after: 90.1 MB.

Unloading 12 unused Assets to reduce memory usage. Loaded Objects now: 2046.
Total: 2.679300 ms (FindLiveObjects: 0.141500 ms CreateObjectMapping: 0.037000 ms MarkObjects: 2.484400 ms  DeleteObjects: 0.015600 ms)

AssetImportParameters requested are different than current active one (requested -> active):
  custom:framework-win-MediaFoundation: 216162199b28c13a410421893ffa2e32 -> 
  custom:video-decoder-ogg-theora: a1e56fd34408186e4bbccfd4996cb3dc -> 
  custom:container-muxer-webm: aa71ff27fc2769a1b78a27578f13a17b -> 
  custom:container-demuxer-webm: 4f35f7cbe854078d1ac9338744f61a02 -> 
  custom:container-demuxer-ogg: 62fdf1f143b41e24485cea50d1cbac27 -> 
  custom:video-encoder-webm-vp8: eb34c28f22e8b96e1ab97ce403110664 -> 
  custom:video-decoder-webm-vp8: 9c59270c3fd7afecdb556c50c9e8de78 -> 
  custom:audio-decoder-ogg-vorbis: bf7c407c2cedff20999df2af8eb42d56 -> 
  custom:audio-encoder-webm-vorbis: bf7c407c2cedff20999df2af8eb42d56 -> 
========================================================================
Received Prepare
Registering precompiled user dll's ...
Registered in 0.003046 seconds.
Begin MonoManager ReloadAssembly
Native extension for WindowsStandalone target not found
Refreshing native plugins compatible for Editor in 0.57 ms, found 2 plugins.
Preloading 0 native plugins for Editor in 0.00 ms.
Mono: successfully reloaded assembly
- Completed reload, in  0.973 seconds
Domain Reload Profiling:
	ReloadAssembly (973ms)
		BeginReloadAssembly (104ms)
			ExecutionOrderSort (0ms)
			DisableScriptedObjects (5ms)
			BackupInstance (0ms)
			ReleaseScriptingObjects (0ms)
			CreateAndSetChildDomain (29ms)
		EndReloadAssembly (808ms)
			LoadAssemblies (82ms)
			RebuildTransferFunctionScriptingTraits (0ms)
			SetupTypeCache (279ms)
			ReleaseScriptCaches (1ms)
			RebuildScriptCaches (41ms)
			SetupLoadedEditorAssemblies (301ms)
				LogAssemblyErrors (0ms)
				InitializePlatformSupportModulesInManaged (6ms)
				SetLoadedEditorAssemblies (1ms)
				RefreshPlugins (1ms)
				BeforeProcessingInitializeOnLoad (76ms)
				ProcessInitializeOnLoadAttributes (204ms)
				ProcessInitializeOnLoadMethodAttributes (5ms)
				AfterProcessingInitializeOnLoad (8ms)
				EditorAssembliesLoaded (0ms)
			ExecutionOrderSort2 (0ms)
			AwakeInstancesAfterBackupRestoration (7ms)
Platform modules already initialized, skipping
Refreshing native plugins compatible for Editor in 0.49 ms, found 2 plugins.
Preloading 0 native plugins for Editor in 0.00 ms.
Unloading 1570 Unused Serialized files (Serialized files now loaded: 0)
System memory in use before: 90.0 MB.
System memory in use after: 90.1 MB.

Unloading 12 unused Assets to reduce memory usage. Loaded Objects now: 2048.
Total: 3.079600 ms (FindLiveObjects: 0.150700 ms CreateObjectMapping: 0.042500 ms MarkObjects: 2.865100 ms  DeleteObjects: 0.020400 ms)

AssetImportParameters requested are different than current active one (requested -> active):
  custom:framework-win-MediaFoundation: 216162199b28c13a410421893ffa2e32 -> 
  custom:video-decoder-ogg-theora: a1e56fd34408186e4bbccfd4996cb3dc -> 
  custom:container-muxer-webm: aa71ff27fc2769a1b78a27578f13a17b -> 
  custom:container-demuxer-webm: 4f35f7cbe854078d1ac9338744f61a02 -> 
  custom:container-demuxer-ogg: 62fdf1f143b41e24485cea50d1cbac27 -> 
  custom:video-encoder-webm-vp8: eb34c28f22e8b96e1ab97ce403110664 -> 
  custom:video-decoder-webm-vp8: 9c59270c3fd7afecdb556c50c9e8de78 -> 
  custom:audio-decoder-ogg-vorbis: bf7c407c2cedff20999df2af8eb42d56 -> 
  custom:audio-encoder-webm-vorbis: bf7c407c2cedff20999df2af8eb42d56 -> 
========================================================================
Received Prepare
Registering precompiled user dll's ...
Registered in 0.003049 seconds.
Begin MonoManager ReloadAssembly
Native extension for WindowsStandalone target not found
Refreshing native plugins compatible for Editor in 0.29 ms, found 2 plugins.
Preloading 0 native plugins for Editor in 0.00 ms.
Mono: successfully reloaded assembly
- Completed reload, in  0.832 seconds
Domain Reload Profiling:
	ReloadAssembly (832ms)
		BeginReloadAssembly (98ms)
			ExecutionOrderSort (0ms)
			DisableScriptedObjects (4ms)
			BackupInstance (0ms)
			ReleaseScriptingObjects (0ms)
			CreateAndSetChildDomain (26ms)
		EndReloadAssembly (681ms)
			LoadAssemblies (74ms)
			RebuildTransferFunctionScriptingTraits (0ms)
			SetupTypeCache (226ms)
			ReleaseScriptCaches (1ms)
			RebuildScriptCaches (36ms)
			SetupLoadedEditorAssemblies (254ms)
				LogAssemblyErrors (0ms)
				InitializePlatformSupportModulesInManaged (4ms)
				SetLoadedEditorAssemblies (0ms)
				RefreshPlugins (0ms)
				BeforeProcessingInitializeOnLoad (60ms)
				ProcessInitializeOnLoadAttributes (177ms)
				ProcessInitializeOnLoadMethodAttributes (4ms)
				AfterProcessingInitializeOnLoad (8ms)
				EditorAssembliesLoaded (0ms)
			ExecutionOrderSort2 (0ms)
			AwakeInstancesAfterBackupRestoration (8ms)
Platform modules already initialized, skipping
Refreshing native plugins compatible for Editor in 0.33 ms, found 2 plugins.
Preloading 0 native plugins for Editor in 0.00 ms.
Unloading 1570 Unused Serialized files (Serialized files now loaded: 0)
System memory in use before: 90.0 MB.
System memory in use after: 90.1 MB.

Unloading 12 unused Assets to reduce memory usage. Loaded Objects now: 2050.
Total: 2.548800 ms (FindLiveObjects: 0.136800 ms CreateObjectMapping: 0.042800 ms MarkObjects: 2.354600 ms  DeleteObjects: 0.013700 ms)

AssetImportParameters requested are different than current active one (requested -> active):
  custom:framework-win-MediaFoundation: 216162199b28c13a410421893ffa2e32 -> 
  custom:video-decoder-ogg-theora: a1e56fd34408186e4bbccfd4996cb3dc -> 
  custom:container-muxer-webm: aa71ff27fc2769a1b78a27578f13a17b -> 
  custom:container-demuxer-webm: 4f35f7cbe854078d1ac9338744f61a02 -> 
  custom:container-demuxer-ogg: 62fdf1f143b41e24485cea50d1cbac27 -> 
  custom:video-encoder-webm-vp8: eb34c28f22e8b96e1ab97ce403110664 -> 
  custom:video-decoder-webm-vp8: 9c59270c3fd7afecdb556c50c9e8de78 -> 
  custom:audio-decoder-ogg-vorbis: bf7c407c2cedff20999df2af8eb42d56 -> 
  custom:audio-encoder-webm-vorbis: bf7c407c2cedff20999df2af8eb42d56 -> 
========================================================================
Received Prepare
Registering precompiled user dll's ...
Registered in 0.003121 seconds.
Begin MonoManager ReloadAssembly
Native extension for WindowsStandalone target not found
Refreshing native plugins compatible for Editor in 0.29 ms, found 2 plugins.
Preloading 0 native plugins for Editor in 0.00 ms.
Mono: successfully reloaded assembly
- Completed reload, in  0.845 seconds
Domain Reload Profiling:
	ReloadAssembly (845ms)
		BeginReloadAssembly (100ms)
			ExecutionOrderSort (0ms)
			DisableScriptedObjects (4ms)
			BackupInstance (0ms)
			ReleaseScriptingObjects (0ms)
			CreateAndSetChildDomain (25ms)
		EndReloadAssembly (693ms)
			LoadAssemblies (70ms)
			RebuildTransferFunctionScriptingTraits (0ms)
			SetupTypeCache (243ms)
			ReleaseScriptCaches (1ms)
			RebuildScriptCaches (37ms)
			SetupLoadedEditorAssemblies (259ms)
				LogAssemblyErrors (0ms)
				InitializePlatformSupportModulesInManaged (4ms)
				SetLoadedEditorAssemblies (0ms)
				RefreshPlugins (0ms)
				BeforeProcessingInitializeOnLoad (66ms)
				ProcessInitializeOnLoadAttributes (178ms)
				ProcessInitializeOnLoadMethodAttributes (4ms)
				AfterProcessingInitializeOnLoad (6ms)
				EditorAssembliesLoaded (0ms)
			ExecutionOrderSort2 (0ms)
			AwakeInstancesAfterBackupRestoration (6ms)
Platform modules already initialized, skipping
Refreshing native plugins compatible for Editor in 0.34 ms, found 2 plugins.
Preloading 0 native plugins for Editor in 0.00 ms.
Unloading 1570 Unused Serialized files (Serialized files now loaded: 0)
System memory in use before: 90.0 MB.
System memory in use after: 90.1 MB.

Unloading 12 unused Assets to reduce memory usage. Loaded Objects now: 2052.
Total: 2.719600 ms (FindLiveObjects: 0.163800 ms CreateObjectMapping: 0.055000 ms MarkObjects: 2.484100 ms  DeleteObjects: 0.015500 ms)

AssetImportParameters requested are different than current active one (requested -> active):
  custom:framework-win-MediaFoundation: 216162199b28c13a410421893ffa2e32 -> 
  custom:video-decoder-ogg-theora: a1e56fd34408186e4bbccfd4996cb3dc -> 
  custom:container-muxer-webm: aa71ff27fc2769a1b78a27578f13a17b -> 
  custom:container-demuxer-webm: 4f35f7cbe854078d1ac9338744f61a02 -> 
  custom:container-demuxer-ogg: 62fdf1f143b41e24485cea50d1cbac27 -> 
  custom:video-encoder-webm-vp8: eb34c28f22e8b96e1ab97ce403110664 -> 
  custom:video-decoder-webm-vp8: 9c59270c3fd7afecdb556c50c9e8de78 -> 
  custom:audio-decoder-ogg-vorbis: bf7c407c2cedff20999df2af8eb42d56 -> 
  custom:audio-encoder-webm-vorbis: bf7c407c2cedff20999df2af8eb42d56 -> 
========================================================================
Received Import Request.
  Time since last request: 3123.088589 seconds.
  path: Assets/New Terrain.asset
  artifactKey: Guid(24298e32de7f8e647a1cac25f30cf6f2) Importer(815301076,1909f56bfc062723c751e8b465ee728b)
Start importing Assets/New Terrain.asset using Guid(24298e32de7f8e647a1cac25f30cf6f2) Importer(815301076,1909f56bfc062723c751e8b465ee728b)  -> (artifact id: '9ef1c03fbcd095d85557b05262559bb2') in 0.033671 seconds 
  Import took 0.036939 seconds .

========================================================================
Received Import Request.
  Time since last request: 2.298117 seconds.
  path: Assets
  artifactKey: Guid(00000000000000001000000000000000) Importer(815301076,1909f56bfc062723c751e8b465ee728b)
Start importing Assets using Guid(00000000000000001000000000000000) Importer(815301076,1909f56bfc062723c751e8b465ee728b)  -> (artifact id: '42d402b061de3733987d63b9cc3b64de') in 0.009127 seconds 
  Import took 0.011809 seconds .

========================================================================
Received Prepare
Registering precompiled user dll's ...
Registered in 0.003061 seconds.
Begin MonoManager ReloadAssembly
Native extension for WindowsStandalone target not found
Refreshing native plugins compatible for Editor in 0.37 ms, found 2 plugins.
Preloading 0 native plugins for Editor in 0.00 ms.
Mono: successfully reloaded assembly
- Completed reload, in  0.834 seconds
Domain Reload Profiling:
	ReloadAssembly (834ms)
		BeginReloadAssembly (102ms)
			ExecutionOrderSort (0ms)
			DisableScriptedObjects (6ms)
			BackupInstance (0ms)
			ReleaseScriptingObjects (0ms)
			CreateAndSetChildDomain (27ms)
		EndReloadAssembly (678ms)
			LoadAssemblies (79ms)
			RebuildTransferFunctionScriptingTraits (0ms)
			SetupTypeCache (227ms)
			ReleaseScriptCaches (1ms)
			RebuildScriptCaches (35ms)
			SetupLoadedEditorAssemblies (256ms)
				LogAssemblyErrors (0ms)
				InitializePlatformSupportModulesInManaged (4ms)
				SetLoadedEditorAssemblies (0ms)
				RefreshPlugins (0ms)
				BeforeProcessingInitializeOnLoad (64ms)
				ProcessInitializeOnLoadAttributes (178ms)
				ProcessInitializeOnLoadMethodAttributes (3ms)
				AfterProcessingInitializeOnLoad (6ms)
				EditorAssembliesLoaded (0ms)
			ExecutionOrderSort2 (0ms)
			AwakeInstancesAfterBackupRestoration (6ms)
Platform modules already initialized, skipping
Refreshing native plugins compatible for Editor in 0.31 ms, found 2 plugins.
Preloading 0 native plugins for Editor in 0.00 ms.
Unloading 1570 Unused Serialized files (Serialized files now loaded: 0)
System memory in use before: 90.9 MB.
System memory in use after: 90.5 MB.

Unloading 14 unused Assets to reduce memory usage. Loaded Objects now: 2055.
Total: 2.877800 ms (FindLiveObjects: 0.116000 ms CreateObjectMapping: 0.035600 ms MarkObjects: 2.358000 ms  DeleteObjects: 0.367500 ms)

AssetImportParameters requested are different than current active one (requested -> active):
  custom:framework-win-MediaFoundation: 216162199b28c13a410421893ffa2e32 -> 
  custom:video-decoder-ogg-theora: a1e56fd34408186e4bbccfd4996cb3dc -> 
  custom:container-muxer-webm: aa71ff27fc2769a1b78a27578f13a17b -> 
  custom:container-demuxer-webm: 4f35f7cbe854078d1ac9338744f61a02 -> 
  custom:container-demuxer-ogg: 62fdf1f143b41e24485cea50d1cbac27 -> 
  custom:video-encoder-webm-vp8: eb34c28f22e8b96e1ab97ce403110664 -> 
  custom:video-decoder-webm-vp8: 9c59270c3fd7afecdb556c50c9e8de78 -> 
  custom:audio-decoder-ogg-vorbis: bf7c407c2cedff20999df2af8eb42d56 -> 
  custom:audio-encoder-webm-vorbis: bf7c407c2cedff20999df2af8eb42d56 -> 
========================================================================
Received Import Request.
  Time since last request: 6.151236 seconds.
  path: Assets/Prefab
  artifactKey: Guid(3de5595e391747d4586740ca95707c9c) Importer(815301076,1909f56bfc062723c751e8b465ee728b)
Start importing Assets/Prefab using Guid(3de5595e391747d4586740ca95707c9c) Importer(815301076,1909f56bfc062723c751e8b465ee728b)  -> (artifact id: '36acd072d1ad55c725985464975eac22') in 0.008585 seconds 
  Import took 0.012267 seconds .

========================================================================
Received Import Request.
  Time since last request: 2.152247 seconds.
  path: Assets/Prefab/Sphere.prefab
  artifactKey: Guid(be06531b73022014d89b18c98e2fca0e) Importer(815301076,1909f56bfc062723c751e8b465ee728b)
Start importing Assets/Prefab/Sphere.prefab using Guid(be06531b73022014d89b18c98e2fca0e) Importer(815301076,1909f56bfc062723c751e8b465ee728b)  -> (artifact id: 'b4435211f04c563875b241c1d1c008fb') in 0.063173 seconds 
  Import took 0.066183 seconds .

========================================================================
Received Prepare
Registering precompiled user dll's ...
Registered in 0.002927 seconds.
Begin MonoManager ReloadAssembly
Native extension for WindowsStandalone target not found
Refreshing native plugins compatible for Editor in 0.31 ms, found 2 plugins.
Preloading 0 native plugins for Editor in 0.00 ms.
Mono: successfully reloaded assembly
- Completed reload, in  0.904 seconds
Domain Reload Profiling:
	ReloadAssembly (904ms)
		BeginReloadAssembly (107ms)
			ExecutionOrderSort (0ms)
			DisableScriptedObjects (4ms)
			BackupInstance (0ms)
			ReleaseScriptingObjects (0ms)
			CreateAndSetChildDomain (27ms)
		EndReloadAssembly (732ms)
			LoadAssemblies (87ms)
			RebuildTransferFunctionScriptingTraits (0ms)
			SetupTypeCache (271ms)
			ReleaseScriptCaches (1ms)
			RebuildScriptCaches (36ms)
			SetupLoadedEditorAssemblies (260ms)
				LogAssemblyErrors (0ms)
				InitializePlatformSupportModulesInManaged (4ms)
				SetLoadedEditorAssemblies (0ms)
				RefreshPlugins (0ms)
				BeforeProcessingInitializeOnLoad (64ms)
				ProcessInitializeOnLoadAttributes (181ms)
				ProcessInitializeOnLoadMethodAttributes (3ms)
				AfterProcessingInitializeOnLoad (6ms)
				EditorAssembliesLoaded (0ms)
			ExecutionOrderSort2 (0ms)
			AwakeInstancesAfterBackupRestoration (6ms)
Platform modules already initialized, skipping
Refreshing native plugins compatible for Editor in 0.31 ms, found 2 plugins.
Preloading 0 native plugins for Editor in 0.00 ms.
Unloading 1571 Unused Serialized files (Serialized files now loaded: 0)
System memory in use before: 90.4 MB.
System memory in use after: 90.5 MB.

Unloading 13 unused Assets to reduce memory usage. Loaded Objects now: 2060.
Total: 2.520200 ms (FindLiveObjects: 0.134100 ms CreateObjectMapping: 0.041500 ms MarkObjects: 2.328000 ms  DeleteObjects: 0.015900 ms)

AssetImportParameters requested are different than current active one (requested -> active):
  custom:framework-win-MediaFoundation: 216162199b28c13a410421893ffa2e32 -> 
  custom:video-decoder-ogg-theora: a1e56fd34408186e4bbccfd4996cb3dc -> 
  custom:container-muxer-webm: aa71ff27fc2769a1b78a27578f13a17b -> 
  custom:container-demuxer-webm: 4f35f7cbe854078d1ac9338744f61a02 -> 
  custom:container-demuxer-ogg: 62fdf1f143b41e24485cea50d1cbac27 -> 
  custom:video-encoder-webm-vp8: eb34c28f22e8b96e1ab97ce403110664 -> 
  custom:video-decoder-webm-vp8: 9c59270c3fd7afecdb556c50c9e8de78 -> 
  custom:audio-decoder-ogg-vorbis: bf7c407c2cedff20999df2af8eb42d56 -> 
  custom:audio-encoder-webm-vorbis: bf7c407c2cedff20999df2af8eb42d56 -> 
========================================================================
Received Import Request.
  Time since last request: 36.800701 seconds.
  path: Assets/BallSpawner.cs
  artifactKey: Guid(57a8f9155c7afe248bca0929ff22a8ab) Importer(815301076,1909f56bfc062723c751e8b465ee728b)
Start importing Assets/BallSpawner.cs using Guid(57a8f9155c7afe248bca0929ff22a8ab) Importer(815301076,1909f56bfc062723c751e8b465ee728b)  -> (artifact id: 'f298d570e6b28455ba61320a9a6ff946') in 0.040874 seconds 
  Import took 0.043175 seconds .

========================================================================
Received Import Request.
  Time since last request: 65.123752 seconds.
  path: Assets/Scenes
  artifactKey: Guid(c3fcb22431b37854aac11b065caad741) Importer(815301076,1909f56bfc062723c751e8b465ee728b)
Start importing Assets/Scenes using Guid(c3fcb22431b37854aac11b065caad741) Importer(815301076,1909f56bfc062723c751e8b465ee728b)  -> (artifact id: '6567c9feaa48d76b847420f7bf255c90') in 0.007716 seconds 
  Import took 0.010973 seconds .

========================================================================
Received Import Request.
  Time since last request: 0.962066 seconds.
  path: Assets/Scenes/Gmeneses.unity
  artifactKey: Guid(f6b01a1c50190a747997955f82852e48) Importer(815301076,1909f56bfc062723c751e8b465ee728b)
Start importing Assets/Scenes/Gmeneses.unity using Guid(f6b01a1c50190a747997955f82852e48) Importer(815301076,1909f56bfc062723c751e8b465ee728b)  -> (artifact id: '062c1641b1f76a12af0d1d6b7cd3da4e') in 0.014258 seconds 
  Import took 0.017200 seconds .

========================================================================
Received Import Request.
  Time since last request: 39.316203 seconds.
  path: Assets/TextMesh Pro/Examples & Extras/Scripts/ObjectSpin.cs
  artifactKey: Guid(4f19c7f94c794c5097d8bd11e39c750d) Importer(815301076,1909f56bfc062723c751e8b465ee728b)
Start importing Assets/TextMesh Pro/Examples & Extras/Scripts/ObjectSpin.cs using Guid(4f19c7f94c794c5097d8bd11e39c750d) Importer(815301076,1909f56bfc062723c751e8b465ee728b)  -> (artifact id: '4a8866982117488907ff2ad00fc38de2') in 0.005247 seconds 
  Import took 0.007713 seconds .

========================================================================
Received Import Request.
  Time since last request: 0.009583 seconds.
  path: Assets/T90/T90Textures/Aditional/DefaultMaterial_Metallic.jpg
  artifactKey: Guid(f12bf5c646cfcb8448c7ba3debb2ddb8) Importer(815301076,1909f56bfc062723c751e8b465ee728b)
Start importing Assets/T90/T90Textures/Aditional/DefaultMaterial_Metallic.jpg using Guid(f12bf5c646cfcb8448c7ba3debb2ddb8) Importer(815301076,1909f56bfc062723c751e8b465ee728b)  -> (artifact id: 'b7c65bceb55c7ed07d0aad8dc9d25422') in 0.081685 seconds 
  Import took 0.084115 seconds .

========================================================================
Received Import Request.
  Time since last request: 0.005992 seconds.
  path: Assets/TextMesh Pro/Examples & Extras/Scripts/Benchmark01.cs
  artifactKey: Guid(f970ea55f9f84bf79b05dab180b8c125) Importer(815301076,1909f56bfc062723c751e8b465ee728b)
Start importing Assets/TextMesh Pro/Examples & Extras/Scripts/Benchmark01.cs using Guid(f970ea55f9f84bf79b05dab180b8c125) Importer(815301076,1909f56bfc062723c751e8b465ee728b)  -> (artifact id: 'e699ea36bae1db8e234bcfc5dec795e8') in 0.004785 seconds 
  Import took 0.006899 seconds .

========================================================================
Received Import Request.
  Time since last request: 0.005512 seconds.
  path: Assets/TextMesh Pro/Examples & Extras/Scripts/DropdownSample.cs
  artifactKey: Guid(ac1eb05af6d391b4eb0f4c070a99f1d0) Importer(815301076,1909f56bfc062723c751e8b465ee728b)
Start importing Assets/TextMesh Pro/Examples & Extras/Scripts/DropdownSample.cs using Guid(ac1eb05af6d391b4eb0f4c070a99f1d0) Importer(815301076,1909f56bfc062723c751e8b465ee728b)  -> (artifact id: 'bed85738fdbabb7c1d530c54ea4a7ec6') in 0.004917 seconds 
  Import took 0.007187 seconds .

========================================================================
Received Import Request.
  Time since last request: 0.005657 seconds.
  path: Assets/TextMesh Pro/Examples & Extras/Scripts/VertexShakeB.cs
  artifactKey: Guid(e4e0d9ccee5f4950be8979268c9014e0) Importer(815301076,1909f56bfc062723c751e8b465ee728b)
Start importing Assets/TextMesh Pro/Examples & Extras/Scripts/VertexShakeB.cs using Guid(e4e0d9ccee5f4950be8979268c9014e0) Importer(815301076,1909f56bfc062723c751e8b465ee728b)  -> (artifact id: '885bb8f0c08bff0852d1e5ebc3f8a3b3') in 0.005166 seconds 
  Import took 0.007479 seconds .

========================================================================
Received Import Request.
  Time since last request: 0.006012 seconds.
  path: Assets/TextMesh Pro/Examples & Extras/Scripts/ShaderPropAnimator.cs
  artifactKey: Guid(2787a46a4dc848c1b4b7b9307b614bfd) Importer(815301076,1909f56bfc062723c751e8b465ee728b)
Start importing Assets/TextMesh Pro/Examples & Extras/Scripts/ShaderPropAnimator.cs using Guid(2787a46a4dc848c1b4b7b9307b614bfd) Importer(815301076,1909f56bfc062723c751e8b465ee728b)  -> (artifact id: '8bd8531c42380c24d0f63a0004d5f033') in 0.005098 seconds 
  Import took 0.007414 seconds .

========================================================================
Received Import Request.
  Time since last request: 0.009278 seconds.
  path: Assets/T90/T90Textures/Aditional/DefaultMaterial_Mixed_AO.jpg
  artifactKey: Guid(3b9afbb0f99f90243b5a9b0f7f5fa40b) Importer(815301076,1909f56bfc062723c751e8b465ee728b)
Start importing Assets/T90/T90Textures/Aditional/DefaultMaterial_Mixed_AO.jpg using Guid(3b9afbb0f99f90243b5a9b0f7f5fa40b) Importer(815301076,1909f56bfc062723c751e8b465ee728b)  -> (artifact id: '3c50041d863c6c0ef7a765557c0225c6') in 0.013036 seconds 
  Import took 0.015264 seconds .

========================================================================
Received Import Request.
  Time since last request: 0.005962 seconds.
  path: Assets/TextMesh Pro/Examples & Extras/Scripts/EnvMapAnimator.cs
  artifactKey: Guid(a4b6f99e8bc54541bbd149b014ff441c) Importer(815301076,1909f56bfc062723c751e8b465ee728b)
Start importing Assets/TextMesh Pro/Examples & Extras/Scripts/EnvMapAnimator.cs using Guid(a4b6f99e8bc54541bbd149b014ff441c) Importer(815301076,1909f56bfc062723c751e8b465ee728b)  -> (artifact id: '6bd1f1dbd6e0f76e09e1c1879996ff73') in 0.004904 seconds 
  Import took 0.007032 seconds .

========================================================================
Received Import Request.
  Time since last request: 0.005673 seconds.
  path: Assets/TextMesh Pro/Examples & Extras/Scripts/VertexShakeA.cs
  artifactKey: Guid(f7cfa58e417a46ea8889989684c2522e) Importer(815301076,1909f56bfc062723c751e8b465ee728b)
Start importing Assets/TextMesh Pro/Examples & Extras/Scripts/VertexShakeA.cs using Guid(f7cfa58e417a46ea8889989684c2522e) Importer(815301076,1909f56bfc062723c751e8b465ee728b)  -> (artifact id: '90258149dcabea27eb86150e58270952') in 0.005072 seconds 
  Import took 0.007221 seconds .

========================================================================
Received Import Request.
  Time since last request: 0.005789 seconds.
  path: Assets/TextMesh Pro/Examples & Extras/Scripts/TMP_DigitValidator.cs
  artifactKey: Guid(1a7eb92a01ed499a987bde9def05fbce) Importer(815301076,1909f56bfc062723c751e8b465ee728b)
Start importing Assets/TextMesh Pro/Examples & Extras/Scripts/TMP_DigitValidator.cs using Guid(1a7eb92a01ed499a987bde9def05fbce) Importer(815301076,1909f56bfc062723c751e8b465ee728b)  -> (artifact id: '0d31bf171c5365552f4a91bd95634109') in 0.004880 seconds 
  Import took 0.007021 seconds .

========================================================================
Received Import Request.
  Time since last request: 0.005790 seconds.
  path: Assets/TextMesh Pro/Examples & Extras/Scripts/TMP_TextInfoDebugTool.cs
  artifactKey: Guid(21256c5b62f346f18640dad779911e20) Importer(815301076,1909f56bfc062723c751e8b465ee728b)
Start importing Assets/TextMesh Pro/Examples & Extras/Scripts/TMP_TextInfoDebugTool.cs using Guid(21256c5b62f346f18640dad779911e20) Importer(815301076,1909f56bfc062723c751e8b465ee728b)  -> (artifact id: 'c3320e7929150ba681b60750367999f1') in 0.004800 seconds 
  Import took 0.006874 seconds .

========================================================================
Received Import Request.
  Time since last request: 0.008002 seconds.
  path: Assets/TextMesh Pro/Examples & Extras/Scripts/SkewTextExample.cs
  artifactKey: Guid(d412675cfb3441efa3bf8dcd9b7624dc) Importer(815301076,1909f56bfc062723c751e8b465ee728b)
Start importing Assets/TextMesh Pro/Examples & Extras/Scripts/SkewTextExample.cs using Guid(d412675cfb3441efa3bf8dcd9b7624dc) Importer(815301076,1909f56bfc062723c751e8b465ee728b)  -> (artifact id: 'b782acdcc5740cb22f2fd5f3d829734b') in 0.004941 seconds 
  Import took 0.007037 seconds .

========================================================================
Received Import Request.
  Time since last request: 0.012169 seconds.
  path: Assets/TextMesh Pro/Shaders/TMP_SDF-Mobile.shader
  artifactKey: Guid(fe393ace9b354375a9cb14cdbbc28be4) Importer(815301076,1909f56bfc062723c751e8b465ee728b)
Start importing Assets/TextMesh Pro/Shaders/TMP_SDF-Mobile.shader using Guid(fe393ace9b354375a9cb14cdbbc28be4) Importer(815301076,1909f56bfc062723c751e8b465ee728b)  -> (artifact id: 'fc43cc6fee3e84d677e125003657976d') in 0.006439 seconds 
  Import took 0.008587 seconds .

========================================================================
Received Import Request.
  Time since last request: 0.005732 seconds.
  path: Assets/TextMesh Pro/Examples & Extras/Scripts/CameraController.cs
  artifactKey: Guid(2d687537154440a3913a9a3c7977978c) Importer(815301076,1909f56bfc062723c751e8b465ee728b)
Start importing Assets/TextMesh Pro/Examples & Extras/Scripts/CameraController.cs using Guid(2d687537154440a3913a9a3c7977978c) Importer(815301076,1909f56bfc062723c751e8b465ee728b)  -> (artifact id: '1293dca49ca6c1939850b09f5f69ee37') in 0.004813 seconds 
  Import took 0.006899 seconds .

========================================================================
Received Import Request.
  Time since last request: 0.006060 seconds.
  path: Assets/TextMesh Pro/Examples & Extras/Scripts/TeleType.cs
  artifactKey: Guid(e32c266ee6204b21a427753cb0694c81) Importer(815301076,1909f56bfc062723c751e8b465ee728b)
Start importing Assets/TextMesh Pro/Examples & Extras/Scripts/TeleType.cs using Guid(e32c266ee6204b21a427753cb0694c81) Importer(815301076,1909f56bfc062723c751e8b465ee728b)  -> (artifact id: '1a3a421645fecc518dc1b53f528eb3f5') in 0.005181 seconds 
  Import took 0.007298 seconds .

========================================================================
Received Import Request.
  Time since last request: 0.005675 seconds.
  path: Assets/TextMesh Pro/Examples & Extras/Scripts/TMP_ExampleScript_01.cs
  artifactKey: Guid(6f2c5b59b6874405865e2616e4ec276a) Importer(815301076,1909f56bfc062723c751e8b465ee728b)
Start importing Assets/TextMesh Pro/Examples & Extras/Scripts/TMP_ExampleScript_01.cs using Guid(6f2c5b59b6874405865e2616e4ec276a) Importer(815301076,1909f56bfc062723c751e8b465ee728b)  -> (artifact id: 'c49bba7f7307fa047ffa36baa8d2f706') in 0.005049 seconds 
  Import took 0.007176 seconds .

========================================================================
Received Import Request.
  Time since last request: 0.009510 seconds.
  path: Assets/T90/T90Textures/TankTracks/DefaultMaterial_Mixed_AO.png
  artifactKey: Guid(4816b6da76471db45a9b8e8b223420f8) Importer(815301076,1909f56bfc062723c751e8b465ee728b)
Start importing Assets/T90/T90Textures/TankTracks/DefaultMaterial_Mixed_AO.png using Guid(4816b6da76471db45a9b8e8b223420f8) Importer(815301076,1909f56bfc062723c751e8b465ee728b)  -> (artifact id: 'f5d25efa51876a9efaf14adcec7b17a6') in 0.009325 seconds 
  Import took 0.011551 seconds .

========================================================================
Received Import Request.
  Time since last request: 0.005705 seconds.
  path: Assets/T90/T90U5Materials/TankTracks.mat
  artifactKey: Guid(eed6f1d982a18494c9a52bec34b7eb36) Importer(815301076,1909f56bfc062723c751e8b465ee728b)
Start importing Assets/T90/T90U5Materials/TankTracks.mat using Guid(eed6f1d982a18494c9a52bec34b7eb36) Importer(815301076,1909f56bfc062723c751e8b465ee728b)  -> (artifact id: '735c90d22f777ff916f29a9d051d56ff') in 0.051841 seconds 
  Import took 0.054196 seconds .

========================================================================
Received Import Request.
  Time since last request: 0.006422 seconds.
  path: Assets/TextMesh Pro/Resources/Fonts & Materials/LiberationSans SDF - Fallback.asset
  artifactKey: Guid(2e498d1c8094910479dc3e1b768306a4) Importer(815301076,1909f56bfc062723c751e8b465ee728b)
Start importing Assets/TextMesh Pro/Resources/Fonts & Materials/LiberationSans SDF - Fallback.asset using Guid(2e498d1c8094910479dc3e1b768306a4) Importer(815301076,1909f56bfc062723c751e8b465ee728b)  -> (artifact id: 'b8c2210586957436df79bf961aeff06e') in 0.032302 seconds 
  Import took 0.034603 seconds .

========================================================================
Received Import Request.
  Time since last request: 0.005896 seconds.
  path: Assets/TextMesh Pro/Examples & Extras/Scripts/TMP_PhoneNumberValidator.cs
  artifactKey: Guid(83680ab1a69f4102ac67d1459fe76e1f) Importer(815301076,1909f56bfc062723c751e8b465ee728b)
Start importing Assets/TextMesh Pro/Examples & Extras/Scripts/TMP_PhoneNumberValidator.cs using Guid(83680ab1a69f4102ac67d1459fe76e1f) Importer(815301076,1909f56bfc062723c751e8b465ee728b)  -> (artifact id: '7ce085e0f0485ba1c93e8b01e769fdb0') in 0.005069 seconds 
  Import took 0.007172 seconds .

========================================================================
Received Import Request.
  Time since last request: 0.010659 seconds.
  path: Assets/T90/T90Textures/TankTracks/DefaultMaterial_Base_Color.png
  artifactKey: Guid(6828235f8f46b2c44a19d033724d92bb) Importer(815301076,1909f56bfc062723c751e8b465ee728b)
Start importing Assets/T90/T90Textures/TankTracks/DefaultMaterial_Base_Color.png using Guid(6828235f8f46b2c44a19d033724d92bb) Importer(815301076,1909f56bfc062723c751e8b465ee728b)  -> (artifact id: '7286981b58a2b7745af4dbc46b47013b') in 0.010758 seconds 
  Import took 0.012947 seconds .

========================================================================
Received Import Request.
  Time since last request: 0.006528 seconds.
  path: Assets/TextMesh Pro/Examples & Extras/Scripts/TMP_FrameRateCounter.cs
  artifactKey: Guid(686ec78b56aa445795335fbadafcfaa4) Importer(815301076,1909f56bfc062723c751e8b465ee728b)
Start importing Assets/TextMesh Pro/Examples & Extras/Scripts/TMP_FrameRateCounter.cs using Guid(686ec78b56aa445795335fbadafcfaa4) Importer(815301076,1909f56bfc062723c751e8b465ee728b)  -> (artifact id: '930d9c852221da6d28e8143cf25e0f38') in 0.004900 seconds 
  Import took 0.006986 seconds .

========================================================================
Received Import Request.
  Time since last request: 0.025320 seconds.
  path: Assets/TextMesh Pro/Examples & Extras/Scripts/ChatController.cs
  artifactKey: Guid(53d91f98a2664f5cb9af11de72ac54ec) Importer(815301076,1909f56bfc062723c751e8b465ee728b)
Start importing Assets/TextMesh Pro/Examples & Extras/Scripts/ChatController.cs using Guid(53d91f98a2664f5cb9af11de72ac54ec) Importer(815301076,1909f56bfc062723c751e8b465ee728b)  -> (artifact id: '80831a1bed743021dc36ac88da5e52dd') in 0.004843 seconds 
  Import took 0.006909 seconds .

========================================================================
Received Import Request.
  Time since last request: 0.008388 seconds.
  path: Assets/TextMesh Pro/Examples & Extras/Scripts/TMP_TextEventCheck.cs
  artifactKey: Guid(d736ce056cf444ca96e424f4d9c42b76) Importer(815301076,1909f56bfc062723c751e8b465ee728b)
Start importing Assets/TextMesh Pro/Examples & Extras/Scripts/TMP_TextEventCheck.cs using Guid(d736ce056cf444ca96e424f4d9c42b76) Importer(815301076,1909f56bfc062723c751e8b465ee728b)  -> (artifact id: 'a0d4d1426c60de403d30579ad715a398') in 0.004962 seconds 
  Import took 0.007054 seconds .

========================================================================
Received Import Request.
  Time since last request: 0.021990 seconds.
  path: Assets/TextMesh Pro/Examples & Extras/Prefabs/Text Popup.prefab
  artifactKey: Guid(b06f0e6c1dfa4356ac918da1bb32c603) Importer(815301076,1909f56bfc062723c751e8b465ee728b)
Start importing Assets/TextMesh Pro/Examples & Extras/Prefabs/Text Popup.prefab using Guid(b06f0e6c1dfa4356ac918da1bb32c603) Importer(815301076,1909f56bfc062723c751e8b465ee728b)  -> (artifact id: 'f342987b4ac67915496b52096cb6a516') in 0.044574 seconds 
  Import took 0.046855 seconds .

========================================================================
Received Import Request.
  Time since last request: 0.015755 seconds.
  path: Assets/TextMesh Pro/Examples & Extras/Scripts/TMP_UiFrameRateCounter.cs
  artifactKey: Guid(24b0dc2d1d494adbbec1f4db26b4cf83) Importer(815301076,1909f56bfc062723c751e8b465ee728b)
Start importing Assets/TextMesh Pro/Examples & Extras/Scripts/TMP_UiFrameRateCounter.cs using Guid(24b0dc2d1d494adbbec1f4db26b4cf83) Importer(815301076,1909f56bfc062723c751e8b465ee728b)  -> (artifact id: 'e10bdd1166d0bb2cf53109a69ac8b7a6') in 0.005351 seconds 
  Import took 0.007567 seconds .

========================================================================
Received Import Request.
  Time since last request: 0.006011 seconds.
  path: Assets/TextMesh Pro/Examples & Extras/Scripts/TMP_TextSelector_A.cs
  artifactKey: Guid(103e0a6a1d404693b9fb1a5173e0e979) Importer(815301076,1909f56bfc062723c751e8b465ee728b)
Start importing Assets/TextMesh Pro/Examples & Extras/Scripts/TMP_TextSelector_A.cs using Guid(103e0a6a1d404693b9fb1a5173e0e979) Importer(815301076,1909f56bfc062723c751e8b465ee728b)  -> (artifact id: '315c9feb8d628630e75512b3e98f23b7') in 0.005391 seconds 
  Import took 0.007894 seconds .

========================================================================
Received Import Request.
  Time since last request: 0.010951 seconds.
  path: Assets/T90/T90Textures/TankTracks/DefaultMaterial_Metallic.png
  artifactKey: Guid(4785c4e9efce3b341b8d3a6492ec8cca) Importer(815301076,1909f56bfc062723c751e8b465ee728b)
Start importing Assets/T90/T90Textures/TankTracks/DefaultMaterial_Metallic.png using Guid(4785c4e9efce3b341b8d3a6492ec8cca) Importer(815301076,1909f56bfc062723c751e8b465ee728b)  -> (artifact id: '44659bae9d3e16a10ab5a2355bad052b') in 0.013244 seconds 
  Import took 0.015541 seconds .

========================================================================
Received Import Request.
  Time since last request: 0.006531 seconds.
  path: Assets/TextMesh Pro/Examples & Extras/Scripts/WarpTextExample.cs
  artifactKey: Guid(790744c462254b7ba8038e6ed28b3db2) Importer(815301076,1909f56bfc062723c751e8b465ee728b)
Start importing Assets/TextMesh Pro/Examples & Extras/Scripts/WarpTextExample.cs using Guid(790744c462254b7ba8038e6ed28b3db2) Importer(815301076,1909f56bfc062723c751e8b465ee728b)  -> (artifact id: '45de8ae61c22d0b24005c6d934555dde') in 0.005076 seconds 
  Import took 0.007250 seconds .

========================================================================
Received Import Request.
  Time since last request: 0.005724 seconds.
  path: Assets/TextMesh Pro/Examples & Extras/Scripts/TextConsoleSimulator.cs
  artifactKey: Guid(43bcd35a1c0c40ccb6d472893fe2093f) Importer(815301076,1909f56bfc062723c751e8b465ee728b)
Start importing Assets/TextMesh Pro/Examples & Extras/Scripts/TextConsoleSimulator.cs using Guid(43bcd35a1c0c40ccb6d472893fe2093f) Importer(815301076,1909f56bfc062723c751e8b465ee728b)  -> (artifact id: '3e964eb25bf5d707143bc83381325ff9') in 0.004908 seconds 
  Import took 0.007036 seconds .

========================================================================
Received Import Request.
  Time since last request: 0.010229 seconds.
  path: Assets/T90/T90Textures/TankTracks/DefaultMaterial_Height.png
  artifactKey: Guid(c47c5b95385299a42851fb94882aa89a) Importer(815301076,1909f56bfc062723c751e8b465ee728b)
Start importing Assets/T90/T90Textures/TankTracks/DefaultMaterial_Height.png using Guid(c47c5b95385299a42851fb94882aa89a) Importer(815301076,1909f56bfc062723c751e8b465ee728b)  -> (artifact id: '3f9fb1916987412156bec83fbc5967e5') in 0.011377 seconds 
  Import took 0.013599 seconds .

========================================================================
Received Import Request.
  Time since last request: 0.005683 seconds.
  path: Assets/TextMesh Pro/Examples & Extras/Scripts/Benchmark01_UGUI.cs
  artifactKey: Guid(8ef7be1c625941f7ba8ed7cc71718c0d) Importer(815301076,1909f56bfc062723c751e8b465ee728b)
Start importing Assets/TextMesh Pro/Examples & Extras/Scripts/Benchmark01_UGUI.cs using Guid(8ef7be1c625941f7ba8ed7cc71718c0d) Importer(815301076,1909f56bfc062723c751e8b465ee728b)  -> (artifact id: '5859e27e4f2f2b88c6993ce2032a7a7d') in 0.005351 seconds 
  Import took 0.007507 seconds .

========================================================================
Received Import Request.
  Time since last request: 0.006296 seconds.
  path: Assets/TextMesh Pro/Examples & Extras/Scripts/TMP_TextSelector_B.cs
  artifactKey: Guid(a05dcd8be7ec4ccbb35c26219884aa37) Importer(815301076,1909f56bfc062723c751e8b465ee728b)
Start importing Assets/TextMesh Pro/Examples & Extras/Scripts/TMP_TextSelector_B.cs using Guid(a05dcd8be7ec4ccbb35c26219884aa37) Importer(815301076,1909f56bfc062723c751e8b465ee728b)  -> (artifact id: 'f0096beb2802859207d1d4c1db05483d') in 0.004974 seconds 
  Import took 0.007065 seconds .

========================================================================
Received Import Request.
  Time since last request: 0.009745 seconds.
  path: Assets/T90/T90Textures/UrbanCamo/DefaultMaterial_Base_Color.jpg
  artifactKey: Guid(61b6261cfbdf9b24ead7b8cef3f4b480) Importer(815301076,1909f56bfc062723c751e8b465ee728b)
Start importing Assets/T90/T90Textures/UrbanCamo/DefaultMaterial_Base_Color.jpg using Guid(61b6261cfbdf9b24ead7b8cef3f4b480) Importer(815301076,1909f56bfc062723c751e8b465ee728b)  -> (artifact id: 'c659dfacc6dab9fb7511ec9d37eefd37') in 0.012159 seconds 
  Import took 0.014385 seconds .

========================================================================
Received Import Request.
  Time since last request: 0.005883 seconds.
  path: Assets/T90/T90U5Materials/UrbanCamo.mat
  artifactKey: Guid(e5c76202e3eb6a4408dd78f0e0b6e413) Importer(815301076,1909f56bfc062723c751e8b465ee728b)
Start importing Assets/T90/T90U5Materials/UrbanCamo.mat using Guid(e5c76202e3eb6a4408dd78f0e0b6e413) Importer(815301076,1909f56bfc062723c751e8b465ee728b)  -> (artifact id: '224935ef732b0e3ef0e379ec3d28790d') in 0.024697 seconds 
  Import took 0.027009 seconds .

========================================================================
Received Import Request.
  Time since last request: 0.006148 seconds.
  path: Assets/TextMesh Pro/Examples & Extras/Scripts/Benchmark03.cs
  artifactKey: Guid(a73109742c8d47ac822895a473300c29) Importer(815301076,1909f56bfc062723c751e8b465ee728b)
Start importing Assets/TextMesh Pro/Examples & Extras/Scripts/Benchmark03.cs using Guid(a73109742c8d47ac822895a473300c29) Importer(815301076,1909f56bfc062723c751e8b465ee728b)  -> (artifact id: '1dd50e3ffdb692734c0b745db52cfe1c') in 0.005324 seconds 
  Import took 0.007552 seconds .

========================================================================
Received Import Request.
  Time since last request: 0.005699 seconds.
  path: Assets/TextMesh Pro/Examples & Extras/Scripts/TMPro_InstructionOverlay.cs
  artifactKey: Guid(c3c1afeda5e545e0b19add5373896d2e) Importer(815301076,1909f56bfc062723c751e8b465ee728b)
Start importing Assets/TextMesh Pro/Examples & Extras/Scripts/TMPro_InstructionOverlay.cs using Guid(c3c1afeda5e545e0b19add5373896d2e) Importer(815301076,1909f56bfc062723c751e8b465ee728b)  -> (artifact id: '5fb7ef90dd07ec08a574654e2e57a2d4') in 0.004984 seconds 
  Import took 0.007117 seconds .

========================================================================
Received Import Request.
  Time since last request: 0.009872 seconds.
  path: Assets/T90/T90Textures/TankTracks/DefaultMaterial_Normal_OpenGL.png
  artifactKey: Guid(dd9ba9764733183498b11b36826ea261) Importer(815301076,1909f56bfc062723c751e8b465ee728b)
Start importing Assets/T90/T90Textures/TankTracks/DefaultMaterial_Normal_OpenGL.png using Guid(dd9ba9764733183498b11b36826ea261) Importer(815301076,1909f56bfc062723c751e8b465ee728b)  -> (artifact id: 'b3cfe7e5e86f764a069109d93e1e663b') in 0.012754 seconds 
  Import took 0.015506 seconds .

========================================================================
Received Import Request.
  Time since last request: 0.006106 seconds.
  path: Assets/TextMesh Pro/Examples & Extras/Scripts/VertexColorCycler.cs
  artifactKey: Guid(91b8ba3d52e041fab2d0e0f169855539) Importer(815301076,1909f56bfc062723c751e8b465ee728b)
Start importing Assets/TextMesh Pro/Examples & Extras/Scripts/VertexColorCycler.cs using Guid(91b8ba3d52e041fab2d0e0f169855539) Importer(815301076,1909f56bfc062723c751e8b465ee728b)  -> (artifact id: 'dde44301e137c989292cc4d8c0d4dd17') in 0.004827 seconds 
  Import took 0.006945 seconds .

========================================================================
Received Import Request.
  Time since last request: 0.009872 seconds.
  path: Assets/T90/T90Textures/Aditional/DefaultMaterial_Normal_OpenGL.jpg
  artifactKey: Guid(cfc0879360b82ae4881f840017653531) Importer(815301076,1909f56bfc062723c751e8b465ee728b)
Start importing Assets/T90/T90Textures/Aditional/DefaultMaterial_Normal_OpenGL.jpg using Guid(cfc0879360b82ae4881f840017653531) Importer(815301076,1909f56bfc062723c751e8b465ee728b)  -> (artifact id: 'f4e9692df3b55dd37220e00b6176ca6a') in 0.015926 seconds 
  Import took 0.018150 seconds .

========================================================================
Received Import Request.
  Time since last request: 0.009066 seconds.
  path: Assets/TextMesh Pro/Examples & Extras/Scripts/Benchmark04.cs
  artifactKey: Guid(dc20866c0d5e413ab7559440e15333ae) Importer(815301076,1909f56bfc062723c751e8b465ee728b)
Start importing Assets/TextMesh Pro/Examples & Extras/Scripts/Benchmark04.cs using Guid(dc20866c0d5e413ab7559440e15333ae) Importer(815301076,1909f56bfc062723c751e8b465ee728b)  -> (artifact id: '7c97b3fcd929d5e8d321650e65f67426') in 0.004932 seconds 
  Import took 0.007105 seconds .

========================================================================
Received Import Request.
  Time since last request: 0.005888 seconds.
  path: Assets/TextMesh Pro/Examples & Extras/Scripts/VertexJitter.cs
  artifactKey: Guid(2ed57967c52645d390a89dcf8f61ba73) Importer(815301076,1909f56bfc062723c751e8b465ee728b)
Start importing Assets/TextMesh Pro/Examples & Extras/Scripts/VertexJitter.cs using Guid(2ed57967c52645d390a89dcf8f61ba73) Importer(815301076,1909f56bfc062723c751e8b465ee728b)  -> (artifact id: '3cec5f6d831c40ccd63d1c2c0155f78b') in 0.005067 seconds 
  Import took 0.007223 seconds .

========================================================================
Received Import Request.
  Time since last request: 0.005915 seconds.
  path: Assets/TextMesh Pro/Examples & Extras/Scripts/TextMeshProFloatingText.cs
  artifactKey: Guid(a4d4c76e63944cba8c7d00f56334b98c) Importer(815301076,1909f56bfc062723c751e8b465ee728b)
Start importing Assets/TextMesh Pro/Examples & Extras/Scripts/TextMeshProFloatingText.cs using Guid(a4d4c76e63944cba8c7d00f56334b98c) Importer(815301076,1909f56bfc062723c751e8b465ee728b)  -> (artifact id: '783dbe47c12da584f7a9865e461d22b5') in 0.004824 seconds 
  Import took 0.006918 seconds .

========================================================================
Received Import Request.
  Time since last request: 0.011288 seconds.
  path: Assets/TextMesh Pro/Shaders/TMPro_Properties.cginc
  artifactKey: Guid(3997e2241185407d80309a82f9148466) Importer(815301076,1909f56bfc062723c751e8b465ee728b)
Start importing Assets/TextMesh Pro/Shaders/TMPro_Properties.cginc using Guid(3997e2241185407d80309a82f9148466) Importer(815301076,1909f56bfc062723c751e8b465ee728b)  -> (artifact id: '25b87a6c906e2ff6005352074e70dba6') in 0.009877 seconds 
  Import took 0.012102 seconds .

========================================================================
Received Import Request.
  Time since last request: 0.005688 seconds.
  path: Assets/TextMesh Pro/Examples & Extras/Scripts/TextMeshSpawner.cs
  artifactKey: Guid(76c11bbcfddf44e0ba17d6c2751c8d84) Importer(815301076,1909f56bfc062723c751e8b465ee728b)
Start importing Assets/TextMesh Pro/Examples & Extras/Scripts/TextMeshSpawner.cs using Guid(76c11bbcfddf44e0ba17d6c2751c8d84) Importer(815301076,1909f56bfc062723c751e8b465ee728b)  -> (artifact id: '9c9e24787e8482570a04934bdfadbff2') in 0.004995 seconds 
  Import took 0.007136 seconds .

========================================================================
Received Import Request.
  Time since last request: 0.006010 seconds.
  path: Assets/TextMesh Pro/Examples & Extras/Scripts/TMP_TextEventHandler.cs
  artifactKey: Guid(1312ae25639a4bae8e25ae223209cc50) Importer(815301076,1909f56bfc062723c751e8b465ee728b)
Start importing Assets/TextMesh Pro/Examples & Extras/Scripts/TMP_TextEventHandler.cs using Guid(1312ae25639a4bae8e25ae223209cc50) Importer(815301076,1909f56bfc062723c751e8b465ee728b)  -> (artifact id: '044596276e64027adc1f872b4c79e294') in 0.005069 seconds 
  Import took 0.007151 seconds .

========================================================================
Received Import Request.
  Time since last request: 0.006508 seconds.
  path: Assets/TextMesh Pro/Resources/Fonts & Materials/LiberationSans SDF.asset
  artifactKey: Guid(8f586378b4e144a9851e7b34d9b748ee) Importer(815301076,1909f56bfc062723c751e8b465ee728b)
Start importing Assets/TextMesh Pro/Resources/Fonts & Materials/LiberationSans SDF.asset using Guid(8f586378b4e144a9851e7b34d9b748ee) Importer(815301076,1909f56bfc062723c751e8b465ee728b)  -> (artifact id: 'f1280cc7be10b532b2897fc8654f95d3') in 0.032324 seconds 
  Import took 0.034765 seconds .

========================================================================
Received Import Request.
  Time since last request: 0.005721 seconds.
  path: Assets/TextMesh Pro/Examples & Extras/Scripts/Benchmark02.cs
  artifactKey: Guid(e8538afcddc14efbb5d9e94b7ae50197) Importer(815301076,1909f56bfc062723c751e8b465ee728b)
Start importing Assets/TextMesh Pro/Examples & Extras/Scripts/Benchmark02.cs using Guid(e8538afcddc14efbb5d9e94b7ae50197) Importer(815301076,1909f56bfc062723c751e8b465ee728b)  -> (artifact id: '91fc334ee6739fbc43c0395da69767e4') in 0.004776 seconds 
  Import took 0.006860 seconds .

========================================================================
Received Import Request.
  Time since last request: 0.005912 seconds.
  path: Assets/TextMesh Pro/Examples & Extras/Scripts/VertexZoom.cs
  artifactKey: Guid(52ec835d14bd486f900952b77698b7eb) Importer(815301076,1909f56bfc062723c751e8b465ee728b)
Start importing Assets/TextMesh Pro/Examples & Extras/Scripts/VertexZoom.cs using Guid(52ec835d14bd486f900952b77698b7eb) Importer(815301076,1909f56bfc062723c751e8b465ee728b)  -> (artifact id: 'cdf6bf619349739f8c544a1dad8f8805') in 0.004908 seconds 
  Import took 0.006984 seconds .

========================================================================
Received Import Request.
  Time since last request: 0.012025 seconds.
  path: Assets/TextMesh Pro/Fonts/LiberationSans.ttf
  artifactKey: Guid(e3265ab4bf004d28a9537516768c1c75) Importer(815301076,1909f56bfc062723c751e8b465ee728b)
Start importing Assets/TextMesh Pro/Fonts/LiberationSans.ttf using Guid(e3265ab4bf004d28a9537516768c1c75) Importer(815301076,1909f56bfc062723c751e8b465ee728b)  -> (artifact id: 'bdddd331c3f1b7826858a8d92db67e39') in 0.020494 seconds 
  Import took 0.022833 seconds .

========================================================================
Received Import Request.
  Time since last request: 0.006240 seconds.
  path: Assets/TextMesh Pro/Examples & Extras/Scripts/SimpleScript.cs
  artifactKey: Guid(9eff140b25d64601aabc6ba32245d099) Importer(815301076,1909f56bfc062723c751e8b465ee728b)
Start importing Assets/TextMesh Pro/Examples & Extras/Scripts/SimpleScript.cs using Guid(9eff140b25d64601aabc6ba32245d099) Importer(815301076,1909f56bfc062723c751e8b465ee728b)  -> (artifact id: '066afd32fc97a71863255e94b961c6c9') in 0.005253 seconds 
  Import took 0.007376 seconds .

AssetImportWorkerClient::OnTransportError - code=2 error=End of file
